<?xml version="1.0" encoding="UTF-8"?>
<testsuite xmlns:xsi="http://www.w3.org/2001/XMLSchema-instance" xsi:noNamespaceSchemaLocation="https://maven.apache.org/surefire/maven-surefire-plugin/xsd/surefire-test-report-3.0.xsd" version="3.0" name="com.example.SynchronyDemo.SynchronyDemoApplicationTests" time="84.878" tests="1" errors="1" skipped="0" failures="0">
  <properties>
    <property name="java.specification.version" value="18"/>
    <property name="sun.jnu.encoding" value="UTF-8"/>
    <property name="java.class.path" value="/Users/nithish/Downloads/SynchronyDemo/target/test-classes:/Users/nithish/Downloads/SynchronyDemo/target/classes:/Users/nithish/.m2/repository/org/springframework/boot/spring-boot-starter-data-jpa/3.1.2/spring-boot-starter-data-jpa-3.1.2.jar:/Users/nithish/.m2/repository/org/springframework/boot/spring-boot-starter-aop/3.1.2/spring-boot-starter-aop-3.1.2.jar:/Users/nithish/.m2/repository/org/springframework/spring-aop/6.0.11/spring-aop-6.0.11.jar:/Users/nithish/.m2/repository/org/aspectj/aspectjweaver/1.9.19/aspectjweaver-1.9.19.jar:/Users/nithish/.m2/repository/org/springframework/boot/spring-boot-starter-jdbc/3.1.2/spring-boot-starter-jdbc-3.1.2.jar:/Users/nithish/.m2/repository/com/zaxxer/HikariCP/5.0.1/HikariCP-5.0.1.jar:/Users/nithish/.m2/repository/org/springframework/spring-jdbc/6.0.11/spring-jdbc-6.0.11.jar:/Users/nithish/.m2/repository/org/hibernate/orm/hibernate-core/6.2.6.Final/hibernate-core-6.2.6.Final.jar:/Users/nithish/.m2/repository/jakarta/persistence/jakarta.persistence-api/3.1.0/jakarta.persistence-api-3.1.0.jar:/Users/nithish/.m2/repository/jakarta/transaction/jakarta.transaction-api/2.0.1/jakarta.transaction-api-2.0.1.jar:/Users/nithish/.m2/repository/org/jboss/logging/jboss-logging/3.5.3.Final/jboss-logging-3.5.3.Final.jar:/Users/nithish/.m2/repository/org/hibernate/common/hibernate-commons-annotations/6.0.6.Final/hibernate-commons-annotations-6.0.6.Final.jar:/Users/nithish/.m2/repository/io/smallrye/jandex/3.0.5/jandex-3.0.5.jar:/Users/nithish/.m2/repository/com/fasterxml/classmate/1.5.1/classmate-1.5.1.jar:/Users/nithish/.m2/repository/net/bytebuddy/byte-buddy/1.14.5/byte-buddy-1.14.5.jar:/Users/nithish/.m2/repository/org/glassfish/jaxb/jaxb-runtime/4.0.3/jaxb-runtime-4.0.3.jar:/Users/nithish/.m2/repository/org/glassfish/jaxb/jaxb-core/4.0.3/jaxb-core-4.0.3.jar:/Users/nithish/.m2/repository/org/eclipse/angus/angus-activation/2.0.1/angus-activation-2.0.1.jar:/Users/nithish/.m2/repository/org/glassfish/jaxb/txw2/4.0.3/txw2-4.0.3.jar:/Users/nithish/.m2/repository/com/sun/istack/istack-commons-runtime/4.1.2/istack-commons-runtime-4.1.2.jar:/Users/nithish/.m2/repository/jakarta/inject/jakarta.inject-api/2.0.1/jakarta.inject-api-2.0.1.jar:/Users/nithish/.m2/repository/org/antlr/antlr4-runtime/4.10.1/antlr4-runtime-4.10.1.jar:/Users/nithish/.m2/repository/org/springframework/data/spring-data-jpa/3.1.2/spring-data-jpa-3.1.2.jar:/Users/nithish/.m2/repository/org/springframework/data/spring-data-commons/3.1.2/spring-data-commons-3.1.2.jar:/Users/nithish/.m2/repository/org/springframework/spring-orm/6.0.11/spring-orm-6.0.11.jar:/Users/nithish/.m2/repository/org/springframework/spring-context/6.0.11/spring-context-6.0.11.jar:/Users/nithish/.m2/repository/org/springframework/spring-tx/6.0.11/spring-tx-6.0.11.jar:/Users/nithish/.m2/repository/org/springframework/spring-beans/6.0.11/spring-beans-6.0.11.jar:/Users/nithish/.m2/repository/jakarta/annotation/jakarta.annotation-api/2.1.1/jakarta.annotation-api-2.1.1.jar:/Users/nithish/.m2/repository/org/springframework/spring-aspects/6.0.11/spring-aspects-6.0.11.jar:/Users/nithish/.m2/repository/org/springframework/boot/spring-boot-starter-data-redis/3.1.2/spring-boot-starter-data-redis-3.1.2.jar:/Users/nithish/.m2/repository/org/springframework/boot/spring-boot-starter/3.1.2/spring-boot-starter-3.1.2.jar:/Users/nithish/.m2/repository/org/springframework/boot/spring-boot/3.1.2/spring-boot-3.1.2.jar:/Users/nithish/.m2/repository/org/springframework/boot/spring-boot-autoconfigure/3.1.2/spring-boot-autoconfigure-3.1.2.jar:/Users/nithish/.m2/repository/org/springframework/boot/spring-boot-starter-logging/3.1.2/spring-boot-starter-logging-3.1.2.jar:/Users/nithish/.m2/repository/ch/qos/logback/logback-classic/1.4.8/logback-classic-1.4.8.jar:/Users/nithish/.m2/repository/ch/qos/logback/logback-core/1.4.8/logback-core-1.4.8.jar:/Users/nithish/.m2/repository/org/apache/logging/log4j/log4j-to-slf4j/2.20.0/log4j-to-slf4j-2.20.0.jar:/Users/nithish/.m2/repository/org/apache/logging/log4j/log4j-api/2.20.0/log4j-api-2.20.0.jar:/Users/nithish/.m2/repository/org/slf4j/jul-to-slf4j/2.0.7/jul-to-slf4j-2.0.7.jar:/Users/nithish/.m2/repository/org/yaml/snakeyaml/1.33/snakeyaml-1.33.jar:/Users/nithish/.m2/repository/org/springframework/data/spring-data-redis/3.1.2/spring-data-redis-3.1.2.jar:/Users/nithish/.m2/repository/org/springframework/data/spring-data-keyvalue/3.1.2/spring-data-keyvalue-3.1.2.jar:/Users/nithish/.m2/repository/org/springframework/spring-oxm/6.0.11/spring-oxm-6.0.11.jar:/Users/nithish/.m2/repository/io/lettuce/lettuce-core/6.2.5.RELEASE/lettuce-core-6.2.5.RELEASE.jar:/Users/nithish/.m2/repository/io/netty/netty-common/4.1.94.Final/netty-common-4.1.94.Final.jar:/Users/nithish/.m2/repository/io/netty/netty-handler/4.1.94.Final/netty-handler-4.1.94.Final.jar:/Users/nithish/.m2/repository/io/netty/netty-resolver/4.1.94.Final/netty-resolver-4.1.94.Final.jar:/Users/nithish/.m2/repository/io/netty/netty-buffer/4.1.94.Final/netty-buffer-4.1.94.Final.jar:/Users/nithish/.m2/repository/io/netty/netty-transport-native-unix-common/4.1.94.Final/netty-transport-native-unix-common-4.1.94.Final.jar:/Users/nithish/.m2/repository/io/netty/netty-codec/4.1.94.Final/netty-codec-4.1.94.Final.jar:/Users/nithish/.m2/repository/io/netty/netty-transport/4.1.94.Final/netty-transport-4.1.94.Final.jar:/Users/nithish/.m2/repository/io/projectreactor/reactor-core/3.5.8/reactor-core-3.5.8.jar:/Users/nithish/.m2/repository/org/reactivestreams/reactive-streams/1.0.4/reactive-streams-1.0.4.jar:/Users/nithish/.m2/repository/org/springframework/boot/spring-boot-starter-web/3.1.2/spring-boot-starter-web-3.1.2.jar:/Users/nithish/.m2/repository/org/springframework/boot/spring-boot-starter-json/3.1.2/spring-boot-starter-json-3.1.2.jar:/Users/nithish/.m2/repository/com/fasterxml/jackson/core/jackson-databind/2.15.2/jackson-databind-2.15.2.jar:/Users/nithish/.m2/repository/com/fasterxml/jackson/core/jackson-core/2.15.2/jackson-core-2.15.2.jar:/Users/nithish/.m2/repository/com/fasterxml/jackson/datatype/jackson-datatype-jdk8/2.15.2/jackson-datatype-jdk8-2.15.2.jar:/Users/nithish/.m2/repository/com/fasterxml/jackson/datatype/jackson-datatype-jsr310/2.15.2/jackson-datatype-jsr310-2.15.2.jar:/Users/nithish/.m2/repository/com/fasterxml/jackson/module/jackson-module-parameter-names/2.15.2/jackson-module-parameter-names-2.15.2.jar:/Users/nithish/.m2/repository/org/springframework/boot/spring-boot-starter-tomcat/3.1.2/spring-boot-starter-tomcat-3.1.2.jar:/Users/nithish/.m2/repository/org/apache/tomcat/embed/tomcat-embed-core/10.1.11/tomcat-embed-core-10.1.11.jar:/Users/nithish/.m2/repository/org/apache/tomcat/embed/tomcat-embed-el/10.1.11/tomcat-embed-el-10.1.11.jar:/Users/nithish/.m2/repository/org/apache/tomcat/embed/tomcat-embed-websocket/10.1.11/tomcat-embed-websocket-10.1.11.jar:/Users/nithish/.m2/repository/org/springframework/spring-web/6.0.11/spring-web-6.0.11.jar:/Users/nithish/.m2/repository/org/springframework/spring-webmvc/6.0.11/spring-webmvc-6.0.11.jar:/Users/nithish/.m2/repository/org/springframework/spring-expression/6.0.11/spring-expression-6.0.11.jar:/Users/nithish/.m2/repository/com/mysql/mysql-connector-j/8.0.33/mysql-connector-j-8.0.33.jar:/Users/nithish/.m2/repository/org/projectlombok/lombok/1.18.28/lombok-1.18.28.jar:/Users/nithish/.m2/repository/org/springframework/boot/spring-boot-starter-actuator/3.1.2/spring-boot-starter-actuator-3.1.2.jar:/Users/nithish/.m2/repository/org/springframework/boot/spring-boot-actuator-autoconfigure/3.1.2/spring-boot-actuator-autoconfigure-3.1.2.jar:/Users/nithish/.m2/repository/org/springframework/boot/spring-boot-actuator/3.1.2/spring-boot-actuator-3.1.2.jar:/Users/nithish/.m2/repository/io/micrometer/micrometer-observation/1.11.2/micrometer-observation-1.11.2.jar:/Users/nithish/.m2/repository/io/micrometer/micrometer-commons/1.11.2/micrometer-commons-1.11.2.jar:/Users/nithish/.m2/repository/io/micrometer/micrometer-core/1.11.2/micrometer-core-1.11.2.jar:/Users/nithish/.m2/repository/org/hdrhistogram/HdrHistogram/2.1.12/HdrHistogram-2.1.12.jar:/Users/nithish/.m2/repository/org/latencyutils/LatencyUtils/2.0.3/LatencyUtils-2.0.3.jar:/Users/nithish/.m2/repository/io/micrometer/micrometer-registry-prometheus/1.11.2/micrometer-registry-prometheus-1.11.2.jar:/Users/nithish/.m2/repository/io/prometheus/simpleclient_common/0.16.0/simpleclient_common-0.16.0.jar:/Users/nithish/.m2/repository/io/prometheus/simpleclient/0.16.0/simpleclient-0.16.0.jar:/Users/nithish/.m2/repository/io/prometheus/simpleclient_tracer_otel/0.16.0/simpleclient_tracer_otel-0.16.0.jar:/Users/nithish/.m2/repository/io/prometheus/simpleclient_tracer_common/0.16.0/simpleclient_tracer_common-0.16.0.jar:/Users/nithish/.m2/repository/io/prometheus/simpleclient_tracer_otel_agent/0.16.0/simpleclient_tracer_otel_agent-0.16.0.jar:/Users/nithish/.m2/repository/org/springframework/boot/spring-boot-starter-test/3.1.2/spring-boot-starter-test-3.1.2.jar:/Users/nithish/.m2/repository/org/springframework/boot/spring-boot-test/3.1.2/spring-boot-test-3.1.2.jar:/Users/nithish/.m2/repository/org/springframework/boot/spring-boot-test-autoconfigure/3.1.2/spring-boot-test-autoconfigure-3.1.2.jar:/Users/nithish/.m2/repository/com/jayway/jsonpath/json-path/2.8.0/json-path-2.8.0.jar:/Users/nithish/.m2/repository/jakarta/xml/bind/jakarta.xml.bind-api/4.0.0/jakarta.xml.bind-api-4.0.0.jar:/Users/nithish/.m2/repository/jakarta/activation/jakarta.activation-api/2.1.2/jakarta.activation-api-2.1.2.jar:/Users/nithish/.m2/repository/net/minidev/json-smart/2.4.11/json-smart-2.4.11.jar:/Users/nithish/.m2/repository/net/minidev/accessors-smart/2.4.11/accessors-smart-2.4.11.jar:/Users/nithish/.m2/repository/org/ow2/asm/asm/9.3/asm-9.3.jar:/Users/nithish/.m2/repository/org/assertj/assertj-core/3.24.2/assertj-core-3.24.2.jar:/Users/nithish/.m2/repository/org/hamcrest/hamcrest/2.2/hamcrest-2.2.jar:/Users/nithish/.m2/repository/org/junit/jupiter/junit-jupiter/5.9.3/junit-jupiter-5.9.3.jar:/Users/nithish/.m2/repository/org/junit/jupiter/junit-jupiter-api/5.9.3/junit-jupiter-api-5.9.3.jar:/Users/nithish/.m2/repository/org/opentest4j/opentest4j/1.2.0/opentest4j-1.2.0.jar:/Users/nithish/.m2/repository/org/junit/platform/junit-platform-commons/1.9.3/junit-platform-commons-1.9.3.jar:/Users/nithish/.m2/repository/org/apiguardian/apiguardian-api/1.1.2/apiguardian-api-1.1.2.jar:/Users/nithish/.m2/repository/org/junit/jupiter/junit-jupiter-params/5.9.3/junit-jupiter-params-5.9.3.jar:/Users/nithish/.m2/repository/org/junit/jupiter/junit-jupiter-engine/5.9.3/junit-jupiter-engine-5.9.3.jar:/Users/nithish/.m2/repository/org/junit/platform/junit-platform-engine/1.9.3/junit-platform-engine-1.9.3.jar:/Users/nithish/.m2/repository/org/mockito/mockito-core/5.3.1/mockito-core-5.3.1.jar:/Users/nithish/.m2/repository/net/bytebuddy/byte-buddy-agent/1.14.5/byte-buddy-agent-1.14.5.jar:/Users/nithish/.m2/repository/org/objenesis/objenesis/3.3/objenesis-3.3.jar:/Users/nithish/.m2/repository/org/mockito/mockito-junit-jupiter/5.3.1/mockito-junit-jupiter-5.3.1.jar:/Users/nithish/.m2/repository/org/skyscreamer/jsonassert/1.5.1/jsonassert-1.5.1.jar:/Users/nithish/.m2/repository/com/vaadin/external/google/android-json/0.0.20131108.vaadin1/android-json-0.0.20131108.vaadin1.jar:/Users/nithish/.m2/repository/org/springframework/spring-core/6.0.11/spring-core-6.0.11.jar:/Users/nithish/.m2/repository/org/springframework/spring-jcl/6.0.11/spring-jcl-6.0.11.jar:/Users/nithish/.m2/repository/org/springframework/spring-test/6.0.11/spring-test-6.0.11.jar:/Users/nithish/.m2/repository/org/xmlunit/xmlunit-core/2.9.1/xmlunit-core-2.9.1.jar:/Users/nithish/.m2/repository/org/springframework/boot/spring-boot-starter-cache/3.1.2/spring-boot-starter-cache-3.1.2.jar:/Users/nithish/.m2/repository/org/springframework/spring-context-support/6.0.11/spring-context-support-6.0.11.jar:/Users/nithish/.m2/repository/org/testcontainers/testcontainers/1.19.3/testcontainers-1.19.3.jar:/Users/nithish/.m2/repository/junit/junit/4.13.2/junit-4.13.2.jar:/Users/nithish/.m2/repository/org/hamcrest/hamcrest-core/2.2/hamcrest-core-2.2.jar:/Users/nithish/.m2/repository/org/slf4j/slf4j-api/2.0.7/slf4j-api-2.0.7.jar:/Users/nithish/.m2/repository/org/apache/commons/commons-compress/1.24.0/commons-compress-1.24.0.jar:/Users/nithish/.m2/repository/org/rnorth/duct-tape/duct-tape/1.0.8/duct-tape-1.0.8.jar:/Users/nithish/.m2/repository/org/jetbrains/annotations/17.0.0/annotations-17.0.0.jar:/Users/nithish/.m2/repository/com/github/docker-java/docker-java-api/3.3.4/docker-java-api-3.3.4.jar:/Users/nithish/.m2/repository/com/fasterxml/jackson/core/jackson-annotations/2.15.2/jackson-annotations-2.15.2.jar:/Users/nithish/.m2/repository/com/github/docker-java/docker-java-transport-zerodep/3.3.4/docker-java-transport-zerodep-3.3.4.jar:/Users/nithish/.m2/repository/com/github/docker-java/docker-java-transport/3.3.4/docker-java-transport-3.3.4.jar:/Users/nithish/.m2/repository/net/java/dev/jna/jna/5.13.0/jna-5.13.0.jar:/Users/nithish/.m2/repository/org/testcontainers/junit-jupiter/1.19.3/junit-jupiter-1.19.3.jar:/Users/nithish/.m2/repository/org/testcontainers/mysql/1.19.3/mysql-1.19.3.jar:/Users/nithish/.m2/repository/org/testcontainers/jdbc/1.18.3/jdbc-1.18.3.jar:/Users/nithish/.m2/repository/org/testcontainers/database-commons/1.18.3/database-commons-1.18.3.jar:/Users/nithish/.m2/repository/org/apache/commons/commons-pool2/2.11.1/commons-pool2-2.11.1.jar:"/>
    <property name="java.vm.vendor" value="Oracle Corporation"/>
    <property name="sun.arch.data.model" value="64"/>
    <property name="java.vendor.url" value="https://java.oracle.com/"/>
    <property name="user.timezone" value="Asia/Kolkata"/>
    <property name="org.jboss.logging.provider" value="slf4j"/>
    <property name="os.name" value="Mac OS X"/>
    <property name="java.vm.specification.version" value="18"/>
    <property name="sun.java.launcher" value="SUN_STANDARD"/>
    <property name="user.country" value="IN"/>
    <property name="sun.boot.library.path" value="/Library/Java/JavaVirtualMachines/jdk-18.0.2.1.jdk/Contents/Home/lib"/>
    <property name="sun.java.command" value="/Users/nithish/Downloads/SynchronyDemo/target/surefire/surefirebooter-20250120135758555_3.jar /Users/nithish/Downloads/SynchronyDemo/target/surefire 2025-01-20T13-57-58_526-jvmRun1 surefire-20250120135758555_1tmp surefire_0-20250120135758555_2tmp"/>
    <property name="http.nonProxyHosts" value="local|*.local|169.254/16|*.169.254/16"/>
    <property name="jdk.debug" value="release"/>
    <property name="surefire.test.class.path" value="/Users/nithish/Downloads/SynchronyDemo/target/test-classes:/Users/nithish/Downloads/SynchronyDemo/target/classes:/Users/nithish/.m2/repository/org/springframework/boot/spring-boot-starter-data-jpa/3.1.2/spring-boot-starter-data-jpa-3.1.2.jar:/Users/nithish/.m2/repository/org/springframework/boot/spring-boot-starter-aop/3.1.2/spring-boot-starter-aop-3.1.2.jar:/Users/nithish/.m2/repository/org/springframework/spring-aop/6.0.11/spring-aop-6.0.11.jar:/Users/nithish/.m2/repository/org/aspectj/aspectjweaver/1.9.19/aspectjweaver-1.9.19.jar:/Users/nithish/.m2/repository/org/springframework/boot/spring-boot-starter-jdbc/3.1.2/spring-boot-starter-jdbc-3.1.2.jar:/Users/nithish/.m2/repository/com/zaxxer/HikariCP/5.0.1/HikariCP-5.0.1.jar:/Users/nithish/.m2/repository/org/springframework/spring-jdbc/6.0.11/spring-jdbc-6.0.11.jar:/Users/nithish/.m2/repository/org/hibernate/orm/hibernate-core/6.2.6.Final/hibernate-core-6.2.6.Final.jar:/Users/nithish/.m2/repository/jakarta/persistence/jakarta.persistence-api/3.1.0/jakarta.persistence-api-3.1.0.jar:/Users/nithish/.m2/repository/jakarta/transaction/jakarta.transaction-api/2.0.1/jakarta.transaction-api-2.0.1.jar:/Users/nithish/.m2/repository/org/jboss/logging/jboss-logging/3.5.3.Final/jboss-logging-3.5.3.Final.jar:/Users/nithish/.m2/repository/org/hibernate/common/hibernate-commons-annotations/6.0.6.Final/hibernate-commons-annotations-6.0.6.Final.jar:/Users/nithish/.m2/repository/io/smallrye/jandex/3.0.5/jandex-3.0.5.jar:/Users/nithish/.m2/repository/com/fasterxml/classmate/1.5.1/classmate-1.5.1.jar:/Users/nithish/.m2/repository/net/bytebuddy/byte-buddy/1.14.5/byte-buddy-1.14.5.jar:/Users/nithish/.m2/repository/org/glassfish/jaxb/jaxb-runtime/4.0.3/jaxb-runtime-4.0.3.jar:/Users/nithish/.m2/repository/org/glassfish/jaxb/jaxb-core/4.0.3/jaxb-core-4.0.3.jar:/Users/nithish/.m2/repository/org/eclipse/angus/angus-activation/2.0.1/angus-activation-2.0.1.jar:/Users/nithish/.m2/repository/org/glassfish/jaxb/txw2/4.0.3/txw2-4.0.3.jar:/Users/nithish/.m2/repository/com/sun/istack/istack-commons-runtime/4.1.2/istack-commons-runtime-4.1.2.jar:/Users/nithish/.m2/repository/jakarta/inject/jakarta.inject-api/2.0.1/jakarta.inject-api-2.0.1.jar:/Users/nithish/.m2/repository/org/antlr/antlr4-runtime/4.10.1/antlr4-runtime-4.10.1.jar:/Users/nithish/.m2/repository/org/springframework/data/spring-data-jpa/3.1.2/spring-data-jpa-3.1.2.jar:/Users/nithish/.m2/repository/org/springframework/data/spring-data-commons/3.1.2/spring-data-commons-3.1.2.jar:/Users/nithish/.m2/repository/org/springframework/spring-orm/6.0.11/spring-orm-6.0.11.jar:/Users/nithish/.m2/repository/org/springframework/spring-context/6.0.11/spring-context-6.0.11.jar:/Users/nithish/.m2/repository/org/springframework/spring-tx/6.0.11/spring-tx-6.0.11.jar:/Users/nithish/.m2/repository/org/springframework/spring-beans/6.0.11/spring-beans-6.0.11.jar:/Users/nithish/.m2/repository/jakarta/annotation/jakarta.annotation-api/2.1.1/jakarta.annotation-api-2.1.1.jar:/Users/nithish/.m2/repository/org/springframework/spring-aspects/6.0.11/spring-aspects-6.0.11.jar:/Users/nithish/.m2/repository/org/springframework/boot/spring-boot-starter-data-redis/3.1.2/spring-boot-starter-data-redis-3.1.2.jar:/Users/nithish/.m2/repository/org/springframework/boot/spring-boot-starter/3.1.2/spring-boot-starter-3.1.2.jar:/Users/nithish/.m2/repository/org/springframework/boot/spring-boot/3.1.2/spring-boot-3.1.2.jar:/Users/nithish/.m2/repository/org/springframework/boot/spring-boot-autoconfigure/3.1.2/spring-boot-autoconfigure-3.1.2.jar:/Users/nithish/.m2/repository/org/springframework/boot/spring-boot-starter-logging/3.1.2/spring-boot-starter-logging-3.1.2.jar:/Users/nithish/.m2/repository/ch/qos/logback/logback-classic/1.4.8/logback-classic-1.4.8.jar:/Users/nithish/.m2/repository/ch/qos/logback/logback-core/1.4.8/logback-core-1.4.8.jar:/Users/nithish/.m2/repository/org/apache/logging/log4j/log4j-to-slf4j/2.20.0/log4j-to-slf4j-2.20.0.jar:/Users/nithish/.m2/repository/org/apache/logging/log4j/log4j-api/2.20.0/log4j-api-2.20.0.jar:/Users/nithish/.m2/repository/org/slf4j/jul-to-slf4j/2.0.7/jul-to-slf4j-2.0.7.jar:/Users/nithish/.m2/repository/org/yaml/snakeyaml/1.33/snakeyaml-1.33.jar:/Users/nithish/.m2/repository/org/springframework/data/spring-data-redis/3.1.2/spring-data-redis-3.1.2.jar:/Users/nithish/.m2/repository/org/springframework/data/spring-data-keyvalue/3.1.2/spring-data-keyvalue-3.1.2.jar:/Users/nithish/.m2/repository/org/springframework/spring-oxm/6.0.11/spring-oxm-6.0.11.jar:/Users/nithish/.m2/repository/io/lettuce/lettuce-core/6.2.5.RELEASE/lettuce-core-6.2.5.RELEASE.jar:/Users/nithish/.m2/repository/io/netty/netty-common/4.1.94.Final/netty-common-4.1.94.Final.jar:/Users/nithish/.m2/repository/io/netty/netty-handler/4.1.94.Final/netty-handler-4.1.94.Final.jar:/Users/nithish/.m2/repository/io/netty/netty-resolver/4.1.94.Final/netty-resolver-4.1.94.Final.jar:/Users/nithish/.m2/repository/io/netty/netty-buffer/4.1.94.Final/netty-buffer-4.1.94.Final.jar:/Users/nithish/.m2/repository/io/netty/netty-transport-native-unix-common/4.1.94.Final/netty-transport-native-unix-common-4.1.94.Final.jar:/Users/nithish/.m2/repository/io/netty/netty-codec/4.1.94.Final/netty-codec-4.1.94.Final.jar:/Users/nithish/.m2/repository/io/netty/netty-transport/4.1.94.Final/netty-transport-4.1.94.Final.jar:/Users/nithish/.m2/repository/io/projectreactor/reactor-core/3.5.8/reactor-core-3.5.8.jar:/Users/nithish/.m2/repository/org/reactivestreams/reactive-streams/1.0.4/reactive-streams-1.0.4.jar:/Users/nithish/.m2/repository/org/springframework/boot/spring-boot-starter-web/3.1.2/spring-boot-starter-web-3.1.2.jar:/Users/nithish/.m2/repository/org/springframework/boot/spring-boot-starter-json/3.1.2/spring-boot-starter-json-3.1.2.jar:/Users/nithish/.m2/repository/com/fasterxml/jackson/core/jackson-databind/2.15.2/jackson-databind-2.15.2.jar:/Users/nithish/.m2/repository/com/fasterxml/jackson/core/jackson-core/2.15.2/jackson-core-2.15.2.jar:/Users/nithish/.m2/repository/com/fasterxml/jackson/datatype/jackson-datatype-jdk8/2.15.2/jackson-datatype-jdk8-2.15.2.jar:/Users/nithish/.m2/repository/com/fasterxml/jackson/datatype/jackson-datatype-jsr310/2.15.2/jackson-datatype-jsr310-2.15.2.jar:/Users/nithish/.m2/repository/com/fasterxml/jackson/module/jackson-module-parameter-names/2.15.2/jackson-module-parameter-names-2.15.2.jar:/Users/nithish/.m2/repository/org/springframework/boot/spring-boot-starter-tomcat/3.1.2/spring-boot-starter-tomcat-3.1.2.jar:/Users/nithish/.m2/repository/org/apache/tomcat/embed/tomcat-embed-core/10.1.11/tomcat-embed-core-10.1.11.jar:/Users/nithish/.m2/repository/org/apache/tomcat/embed/tomcat-embed-el/10.1.11/tomcat-embed-el-10.1.11.jar:/Users/nithish/.m2/repository/org/apache/tomcat/embed/tomcat-embed-websocket/10.1.11/tomcat-embed-websocket-10.1.11.jar:/Users/nithish/.m2/repository/org/springframework/spring-web/6.0.11/spring-web-6.0.11.jar:/Users/nithish/.m2/repository/org/springframework/spring-webmvc/6.0.11/spring-webmvc-6.0.11.jar:/Users/nithish/.m2/repository/org/springframework/spring-expression/6.0.11/spring-expression-6.0.11.jar:/Users/nithish/.m2/repository/com/mysql/mysql-connector-j/8.0.33/mysql-connector-j-8.0.33.jar:/Users/nithish/.m2/repository/org/projectlombok/lombok/1.18.28/lombok-1.18.28.jar:/Users/nithish/.m2/repository/org/springframework/boot/spring-boot-starter-actuator/3.1.2/spring-boot-starter-actuator-3.1.2.jar:/Users/nithish/.m2/repository/org/springframework/boot/spring-boot-actuator-autoconfigure/3.1.2/spring-boot-actuator-autoconfigure-3.1.2.jar:/Users/nithish/.m2/repository/org/springframework/boot/spring-boot-actuator/3.1.2/spring-boot-actuator-3.1.2.jar:/Users/nithish/.m2/repository/io/micrometer/micrometer-observation/1.11.2/micrometer-observation-1.11.2.jar:/Users/nithish/.m2/repository/io/micrometer/micrometer-commons/1.11.2/micrometer-commons-1.11.2.jar:/Users/nithish/.m2/repository/io/micrometer/micrometer-core/1.11.2/micrometer-core-1.11.2.jar:/Users/nithish/.m2/repository/org/hdrhistogram/HdrHistogram/2.1.12/HdrHistogram-2.1.12.jar:/Users/nithish/.m2/repository/org/latencyutils/LatencyUtils/2.0.3/LatencyUtils-2.0.3.jar:/Users/nithish/.m2/repository/io/micrometer/micrometer-registry-prometheus/1.11.2/micrometer-registry-prometheus-1.11.2.jar:/Users/nithish/.m2/repository/io/prometheus/simpleclient_common/0.16.0/simpleclient_common-0.16.0.jar:/Users/nithish/.m2/repository/io/prometheus/simpleclient/0.16.0/simpleclient-0.16.0.jar:/Users/nithish/.m2/repository/io/prometheus/simpleclient_tracer_otel/0.16.0/simpleclient_tracer_otel-0.16.0.jar:/Users/nithish/.m2/repository/io/prometheus/simpleclient_tracer_common/0.16.0/simpleclient_tracer_common-0.16.0.jar:/Users/nithish/.m2/repository/io/prometheus/simpleclient_tracer_otel_agent/0.16.0/simpleclient_tracer_otel_agent-0.16.0.jar:/Users/nithish/.m2/repository/org/springframework/boot/spring-boot-starter-test/3.1.2/spring-boot-starter-test-3.1.2.jar:/Users/nithish/.m2/repository/org/springframework/boot/spring-boot-test/3.1.2/spring-boot-test-3.1.2.jar:/Users/nithish/.m2/repository/org/springframework/boot/spring-boot-test-autoconfigure/3.1.2/spring-boot-test-autoconfigure-3.1.2.jar:/Users/nithish/.m2/repository/com/jayway/jsonpath/json-path/2.8.0/json-path-2.8.0.jar:/Users/nithish/.m2/repository/jakarta/xml/bind/jakarta.xml.bind-api/4.0.0/jakarta.xml.bind-api-4.0.0.jar:/Users/nithish/.m2/repository/jakarta/activation/jakarta.activation-api/2.1.2/jakarta.activation-api-2.1.2.jar:/Users/nithish/.m2/repository/net/minidev/json-smart/2.4.11/json-smart-2.4.11.jar:/Users/nithish/.m2/repository/net/minidev/accessors-smart/2.4.11/accessors-smart-2.4.11.jar:/Users/nithish/.m2/repository/org/ow2/asm/asm/9.3/asm-9.3.jar:/Users/nithish/.m2/repository/org/assertj/assertj-core/3.24.2/assertj-core-3.24.2.jar:/Users/nithish/.m2/repository/org/hamcrest/hamcrest/2.2/hamcrest-2.2.jar:/Users/nithish/.m2/repository/org/junit/jupiter/junit-jupiter/5.9.3/junit-jupiter-5.9.3.jar:/Users/nithish/.m2/repository/org/junit/jupiter/junit-jupiter-api/5.9.3/junit-jupiter-api-5.9.3.jar:/Users/nithish/.m2/repository/org/opentest4j/opentest4j/1.2.0/opentest4j-1.2.0.jar:/Users/nithish/.m2/repository/org/junit/platform/junit-platform-commons/1.9.3/junit-platform-commons-1.9.3.jar:/Users/nithish/.m2/repository/org/apiguardian/apiguardian-api/1.1.2/apiguardian-api-1.1.2.jar:/Users/nithish/.m2/repository/org/junit/jupiter/junit-jupiter-params/5.9.3/junit-jupiter-params-5.9.3.jar:/Users/nithish/.m2/repository/org/junit/jupiter/junit-jupiter-engine/5.9.3/junit-jupiter-engine-5.9.3.jar:/Users/nithish/.m2/repository/org/junit/platform/junit-platform-engine/1.9.3/junit-platform-engine-1.9.3.jar:/Users/nithish/.m2/repository/org/mockito/mockito-core/5.3.1/mockito-core-5.3.1.jar:/Users/nithish/.m2/repository/net/bytebuddy/byte-buddy-agent/1.14.5/byte-buddy-agent-1.14.5.jar:/Users/nithish/.m2/repository/org/objenesis/objenesis/3.3/objenesis-3.3.jar:/Users/nithish/.m2/repository/org/mockito/mockito-junit-jupiter/5.3.1/mockito-junit-jupiter-5.3.1.jar:/Users/nithish/.m2/repository/org/skyscreamer/jsonassert/1.5.1/jsonassert-1.5.1.jar:/Users/nithish/.m2/repository/com/vaadin/external/google/android-json/0.0.20131108.vaadin1/android-json-0.0.20131108.vaadin1.jar:/Users/nithish/.m2/repository/org/springframework/spring-core/6.0.11/spring-core-6.0.11.jar:/Users/nithish/.m2/repository/org/springframework/spring-jcl/6.0.11/spring-jcl-6.0.11.jar:/Users/nithish/.m2/repository/org/springframework/spring-test/6.0.11/spring-test-6.0.11.jar:/Users/nithish/.m2/repository/org/xmlunit/xmlunit-core/2.9.1/xmlunit-core-2.9.1.jar:/Users/nithish/.m2/repository/org/springframework/boot/spring-boot-starter-cache/3.1.2/spring-boot-starter-cache-3.1.2.jar:/Users/nithish/.m2/repository/org/springframework/spring-context-support/6.0.11/spring-context-support-6.0.11.jar:/Users/nithish/.m2/repository/org/testcontainers/testcontainers/1.19.3/testcontainers-1.19.3.jar:/Users/nithish/.m2/repository/junit/junit/4.13.2/junit-4.13.2.jar:/Users/nithish/.m2/repository/org/hamcrest/hamcrest-core/2.2/hamcrest-core-2.2.jar:/Users/nithish/.m2/repository/org/slf4j/slf4j-api/2.0.7/slf4j-api-2.0.7.jar:/Users/nithish/.m2/repository/org/apache/commons/commons-compress/1.24.0/commons-compress-1.24.0.jar:/Users/nithish/.m2/repository/org/rnorth/duct-tape/duct-tape/1.0.8/duct-tape-1.0.8.jar:/Users/nithish/.m2/repository/org/jetbrains/annotations/17.0.0/annotations-17.0.0.jar:/Users/nithish/.m2/repository/com/github/docker-java/docker-java-api/3.3.4/docker-java-api-3.3.4.jar:/Users/nithish/.m2/repository/com/fasterxml/jackson/core/jackson-annotations/2.15.2/jackson-annotations-2.15.2.jar:/Users/nithish/.m2/repository/com/github/docker-java/docker-java-transport-zerodep/3.3.4/docker-java-transport-zerodep-3.3.4.jar:/Users/nithish/.m2/repository/com/github/docker-java/docker-java-transport/3.3.4/docker-java-transport-3.3.4.jar:/Users/nithish/.m2/repository/net/java/dev/jna/jna/5.13.0/jna-5.13.0.jar:/Users/nithish/.m2/repository/org/testcontainers/junit-jupiter/1.19.3/junit-jupiter-1.19.3.jar:/Users/nithish/.m2/repository/org/testcontainers/mysql/1.19.3/mysql-1.19.3.jar:/Users/nithish/.m2/repository/org/testcontainers/jdbc/1.18.3/jdbc-1.18.3.jar:/Users/nithish/.m2/repository/org/testcontainers/database-commons/1.18.3/database-commons-1.18.3.jar:/Users/nithish/.m2/repository/org/apache/commons/commons-pool2/2.11.1/commons-pool2-2.11.1.jar:"/>
    <property name="sun.cpu.endian" value="little"/>
    <property name="user.home" value="/Users/nithish"/>
    <property name="user.language" value="en"/>
    <property name="java.specification.vendor" value="Oracle Corporation"/>
    <property name="java.version.date" value="2022-08-18"/>
    <property name="java.home" value="/Library/Java/JavaVirtualMachines/jdk-18.0.2.1.jdk/Contents/Home"/>
    <property name="file.separator" value="/"/>
    <property name="basedir" value="/Users/nithish/Downloads/SynchronyDemo"/>
    <property name="java.vm.compressedOopsMode" value="Zero based"/>
    <property name="line.separator" value="&#10;"/>
    <property name="java.vm.specification.vendor" value="Oracle Corporation"/>
    <property name="java.specification.name" value="Java Platform API Specification"/>
    <property name="FILE_LOG_CHARSET" value="UTF-8"/>
    <property name="java.awt.headless" value="true"/>
    <property name="apple.awt.application.name" value="ForkedBooter"/>
    <property name="surefire.real.class.path" value="/Users/nithish/Downloads/SynchronyDemo/target/surefire/surefirebooter-20250120135758555_3.jar"/>
    <property name="sun.management.compiler" value="HotSpot 64-Bit Tiered Compilers"/>
    <property name="ftp.nonProxyHosts" value="local|*.local|169.254/16|*.169.254/16"/>
    <property name="java.runtime.version" value="18.0.2.1+1-1"/>
    <property name="user.name" value="nithish"/>
    <property name="path.separator" value=":"/>
    <property name="os.version" value="14.1"/>
    <property name="java.runtime.name" value="Java(TM) SE Runtime Environment"/>
    <property name="file.encoding" value="UTF-8"/>
    <property name="java.vm.name" value="Java HotSpot(TM) 64-Bit Server VM"/>
    <property name="localRepository" value="/Users/nithish/.m2/repository"/>
    <property name="java.vendor.url.bug" value="https://bugreport.java.com/bugreport/"/>
    <property name="java.io.tmpdir" value="/var/folders/yq/49rxd48j3bq6g4ysjdxj1pb80000gn/T/"/>
    <property name="java.version" value="18.0.2.1"/>
    <property name="user.dir" value="/Users/nithish/Downloads/SynchronyDemo"/>
    <property name="os.arch" value="aarch64"/>
    <property name="java.vm.specification.name" value="Java Virtual Machine Specification"/>
    <property name="PID" value="92389"/>
    <property name="CONSOLE_LOG_CHARSET" value="UTF-8"/>
    <property name="native.encoding" value="UTF-8"/>
    <property name="java.library.path" value="/Users/nithish/Library/Java/Extensions:/Library/Java/Extensions:/Network/Library/Java/Extensions:/System/Library/Java/Extensions:/usr/lib/java:."/>
    <property name="java.vm.info" value="mixed mode, sharing"/>
    <property name="java.vendor" value="Oracle Corporation"/>
    <property name="java.vm.version" value="18.0.2.1+1-1"/>
    <property name="sun.io.unicode.encoding" value="UnicodeBig"/>
    <property name="socksNonProxyHosts" value="local|*.local|169.254/16|*.169.254/16"/>
    <property name="java.class.version" value="62.0"/>
  </properties>
  <testcase name="" classname="com.example.SynchronyDemo.SynchronyDemoApplicationTests" time="84.878">
    <error message="Can&apos;t get Docker image: RemoteDockerImage(imageName=mysql:8.0, imagePullPolicy=DefaultPullPolicy(), imageNameSubstitutor=org.testcontainers.utility.ImageNameSubstitutor$LogWrappedImageNameSubstitutor@42210be1)" type="org.testcontainers.containers.ContainerFetchException"><![CDATA[org.testcontainers.containers.ContainerFetchException: Can't get Docker image: RemoteDockerImage(imageName=mysql:8.0, imagePullPolicy=DefaultPullPolicy(), imageNameSubstitutor=org.testcontainers.utility.ImageNameSubstitutor$LogWrappedImageNameSubstitutor@42210be1)
	at org.testcontainers.containers.GenericContainer.getDockerImageName(GenericContainer.java:1367)
	at org.testcontainers.containers.GenericContainer.doStart(GenericContainer.java:362)
	at org.testcontainers.containers.GenericContainer.start(GenericContainer.java:333)
	at org.testcontainers.junit.jupiter.TestcontainersExtension$StoreAdapter.start(TestcontainersExtension.java:280)
	at org.testcontainers.junit.jupiter.TestcontainersExtension$StoreAdapter.access$200(TestcontainersExtension.java:267)
	at org.testcontainers.junit.jupiter.TestcontainersExtension.lambda$null$4(TestcontainersExtension.java:82)
	at org.junit.jupiter.engine.execution.ExtensionValuesStore.lambda$getOrComputeIfAbsent$4(ExtensionValuesStore.java:86)
	at org.junit.jupiter.engine.execution.ExtensionValuesStore$MemoizingSupplier.computeValue(ExtensionValuesStore.java:223)
	at org.junit.jupiter.engine.execution.ExtensionValuesStore$MemoizingSupplier.get(ExtensionValuesStore.java:211)
	at org.junit.jupiter.engine.execution.ExtensionValuesStore$StoredValue.evaluate(ExtensionValuesStore.java:191)
	at org.junit.jupiter.engine.execution.ExtensionValuesStore$StoredValue.access$100(ExtensionValuesStore.java:171)
	at org.junit.jupiter.engine.execution.ExtensionValuesStore.getOrComputeIfAbsent(ExtensionValuesStore.java:89)
	at org.junit.jupiter.engine.execution.NamespaceAwareStore.getOrComputeIfAbsent(NamespaceAwareStore.java:53)
	at org.testcontainers.junit.jupiter.TestcontainersExtension.lambda$startContainers$5(TestcontainersExtension.java:82)
	at java.base/java.util.ArrayList.forEach(ArrayList.java:1511)
	at org.testcontainers.junit.jupiter.TestcontainersExtension.startContainers(TestcontainersExtension.java:82)
	at org.testcontainers.junit.jupiter.TestcontainersExtension.beforeAll(TestcontainersExtension.java:56)
	at org.junit.jupiter.engine.descriptor.ClassBasedTestDescriptor.lambda$invokeBeforeAllCallbacks$12(ClassBasedTestDescriptor.java:395)
	at org.junit.platform.engine.support.hierarchical.ThrowableCollector.execute(ThrowableCollector.java:73)
	at org.junit.jupiter.engine.descriptor.ClassBasedTestDescriptor.invokeBeforeAllCallbacks(ClassBasedTestDescriptor.java:395)
	at org.junit.jupiter.engine.descriptor.ClassBasedTestDescriptor.before(ClassBasedTestDescriptor.java:211)
	at org.junit.jupiter.engine.descriptor.ClassBasedTestDescriptor.before(ClassBasedTestDescriptor.java:84)
	at org.junit.platform.engine.support.hierarchical.NodeTestTask.lambda$executeRecursively$6(NodeTestTask.java:148)
	at org.junit.platform.engine.support.hierarchical.ThrowableCollector.execute(ThrowableCollector.java:73)
	at org.junit.platform.engine.support.hierarchical.NodeTestTask.lambda$executeRecursively$8(NodeTestTask.java:141)
	at org.junit.platform.engine.support.hierarchical.Node.around(Node.java:137)
	at org.junit.platform.engine.support.hierarchical.NodeTestTask.lambda$executeRecursively$9(NodeTestTask.java:139)
	at org.junit.platform.engine.support.hierarchical.ThrowableCollector.execute(ThrowableCollector.java:73)
	at org.junit.platform.engine.support.hierarchical.NodeTestTask.executeRecursively(NodeTestTask.java:138)
	at org.junit.platform.engine.support.hierarchical.NodeTestTask.execute(NodeTestTask.java:95)
	at java.base/java.util.ArrayList.forEach(ArrayList.java:1511)
	at org.junit.platform.engine.support.hierarchical.SameThreadHierarchicalTestExecutorService.invokeAll(SameThreadHierarchicalTestExecutorService.java:41)
	at org.junit.platform.engine.support.hierarchical.NodeTestTask.lambda$executeRecursively$6(NodeTestTask.java:155)
	at org.junit.platform.engine.support.hierarchical.ThrowableCollector.execute(ThrowableCollector.java:73)
	at org.junit.platform.engine.support.hierarchical.NodeTestTask.lambda$executeRecursively$8(NodeTestTask.java:141)
	at org.junit.platform.engine.support.hierarchical.Node.around(Node.java:137)
	at org.junit.platform.engine.support.hierarchical.NodeTestTask.lambda$executeRecursively$9(NodeTestTask.java:139)
	at org.junit.platform.engine.support.hierarchical.ThrowableCollector.execute(ThrowableCollector.java:73)
	at org.junit.platform.engine.support.hierarchical.NodeTestTask.executeRecursively(NodeTestTask.java:138)
	at org.junit.platform.engine.support.hierarchical.NodeTestTask.execute(NodeTestTask.java:95)
	at org.junit.platform.engine.support.hierarchical.SameThreadHierarchicalTestExecutorService.submit(SameThreadHierarchicalTestExecutorService.java:35)
	at org.junit.platform.engine.support.hierarchical.HierarchicalTestExecutor.execute(HierarchicalTestExecutor.java:57)
	at org.junit.platform.engine.support.hierarchical.HierarchicalTestEngine.execute(HierarchicalTestEngine.java:54)
	at org.junit.platform.launcher.core.EngineExecutionOrchestrator.execute(EngineExecutionOrchestrator.java:147)
	at org.junit.platform.launcher.core.EngineExecutionOrchestrator.execute(EngineExecutionOrchestrator.java:127)
	at org.junit.platform.launcher.core.EngineExecutionOrchestrator.execute(EngineExecutionOrchestrator.java:90)
	at org.junit.platform.launcher.core.EngineExecutionOrchestrator.lambda$execute$0(EngineExecutionOrchestrator.java:55)
	at org.junit.platform.launcher.core.EngineExecutionOrchestrator.withInterceptedStreams(EngineExecutionOrchestrator.java:102)
	at org.junit.platform.launcher.core.EngineExecutionOrchestrator.execute(EngineExecutionOrchestrator.java:54)
	at org.junit.platform.launcher.core.DefaultLauncher.execute(DefaultLauncher.java:114)
	at org.junit.platform.launcher.core.DefaultLauncher.execute(DefaultLauncher.java:86)
	at org.junit.platform.launcher.core.DefaultLauncherSession$DelegatingLauncher.execute(DefaultLauncherSession.java:86)
	at org.apache.maven.surefire.junitplatform.LazyLauncher.execute(LazyLauncher.java:50)
	at org.apache.maven.surefire.junitplatform.JUnitPlatformProvider.execute(JUnitPlatformProvider.java:184)
	at org.apache.maven.surefire.junitplatform.JUnitPlatformProvider.invokeAllTests(JUnitPlatformProvider.java:148)
	at org.apache.maven.surefire.junitplatform.JUnitPlatformProvider.invoke(JUnitPlatformProvider.java:122)
	at org.apache.maven.surefire.booter.ForkedBooter.runSuitesInProcess(ForkedBooter.java:385)
	at org.apache.maven.surefire.booter.ForkedBooter.execute(ForkedBooter.java:162)
	at org.apache.maven.surefire.booter.ForkedBooter.run(ForkedBooter.java:507)
	at org.apache.maven.surefire.booter.ForkedBooter.main(ForkedBooter.java:495)
Caused by: org.testcontainers.containers.ContainerFetchException: Failed to get Docker client for mysql:8.0
	at org.testcontainers.images.RemoteDockerImage.resolve(RemoteDockerImage.java:125)
	at org.testcontainers.images.RemoteDockerImage.resolve(RemoteDockerImage.java:28)
	at org.testcontainers.utility.LazyFuture.getResolvedValue(LazyFuture.java:20)
	at org.testcontainers.utility.LazyFuture.get(LazyFuture.java:41)
	at org.testcontainers.containers.GenericContainer.getDockerImageName(GenericContainer.java:1365)
	... 59 more
Caused by: com.github.dockerjava.api.exception.DockerClientException: Could not pull image: failed to register layer: write /usr/bin/mysqlsh: no space left on device
	at com.github.dockerjava.api.command.PullImageResultCallback.checkDockerClientPullSuccessful(PullImageResultCallback.java:97)
	at com.github.dockerjava.api.command.PullImageResultCallback.throwFirstError(PullImageResultCallback.java:112)
	at com.github.dockerjava.api.async.ResultCallbackTemplate.awaitCompletion(ResultCallbackTemplate.java:93)
	at org.testcontainers.images.TimeLimitedLoggedPullImageResultCallback.awaitCompletion(TimeLimitedLoggedPullImageResultCallback.java:58)
	at org.testcontainers.images.RemoteDockerImage.resolve(RemoteDockerImage.java:97)
	... 63 more
]]></error>
    <system-out><![CDATA[2025-01-20T13:59:52.431+05:30  INFO 92389 --- [           main] t.c.s.AnnotationConfigContextLoaderUtils : Could not detect default configuration classes for test class [com.example.SynchronyDemo.SynchronyDemoApplicationTests]: SynchronyDemoApplicationTests does not declare any static, non-private, non-final, nested classes annotated with @Configuration.
2025-01-20T13:59:52.433+05:30  INFO 92389 --- [           main] .b.t.c.SpringBootTestContextBootstrapper : Found @SpringBootConfiguration com.example.SynchronyDemo.SynchronyDemoApplication for test class com.example.SynchronyDemo.SynchronyDemoApplicationTests
2025-01-20T13:59:52.437+05:30  INFO 92389 --- [           main] tc.mysql:8.0                             : Pulling docker image: mysql:8.0. Please be patient; this may take some time but only needs to be done once.
2025-01-20T13:59:55.744+05:30  INFO 92389 --- [eam--1653228846] tc.mysql:8.0                             : Starting to pull image
2025-01-20T13:59:55.745+05:30  INFO 92389 --- [eam--1653228846] tc.mysql:8.0                             : Pulling image layers:  0 pending,  0 downloaded,  0 extracted, (0 bytes/0 bytes)
2025-01-20T14:00:00.099+05:30  INFO 92389 --- [eam--1653228846] tc.mysql:8.0                             : Pulling image layers: 10 pending,  1 downloaded,  0 extracted, (20 KB/? MB)
2025-01-20T14:00:02.477+05:30  INFO 92389 --- [eam--1653228846] tc.mysql:8.0                             : Pulling image layers:  9 pending,  2 downloaded,  0 extracted, (974 KB/? MB)
2025-01-20T14:00:03.728+05:30  INFO 92389 --- [eam--1653228846] tc.mysql:8.0                             : Pulling image layers:  8 pending,  3 downloaded,  0 extracted, (6 MB/? MB)
2025-01-20T14:00:04.415+05:30  INFO 92389 --- [eam--1653228846] tc.mysql:8.0                             : Pulling image layers:  7 pending,  4 downloaded,  0 extracted, (7 MB/? MB)
2025-01-20T14:00:05.662+05:30  INFO 92389 --- [eam--1653228846] tc.mysql:8.0                             : Pulling image layers:  6 pending,  5 downloaded,  0 extracted, (8 MB/? MB)
2025-01-20T14:00:07.597+05:30  INFO 92389 --- [eam--1653228846] tc.mysql:8.0                             : Pulling image layers:  5 pending,  6 downloaded,  0 extracted, (14 MB/? MB)
2025-01-20T14:00:10.700+05:30  INFO 92389 --- [eam--1653228846] tc.mysql:8.0                             : Pulling image layers:  4 pending,  7 downloaded,  0 extracted, (72 MB/? MB)
2025-01-20T14:00:12.647+05:30  INFO 92389 --- [eam--1653228846] tc.mysql:8.0                             : Pulling image layers:  3 pending,  8 downloaded,  0 extracted, (105 MB/? MB)
2025-01-20T14:00:14.611+05:30  INFO 92389 --- [eam--1653228846] tc.mysql:8.0                             : Pulling image layers:  2 pending,  9 downloaded,  0 extracted, (144 MB/? MB)
2025-01-20T14:00:15.351+05:30  INFO 92389 --- [eam--1653228846] tc.mysql:8.0                             : Pulling image layers:  1 pending, 10 downloaded,  0 extracted, (161 MB/? MB)
2025-01-20T14:00:15.413+05:30  INFO 92389 --- [eam--1653228846] tc.mysql:8.0                             : Pulling image layers:  0 pending, 11 downloaded,  0 extracted, (163 MB/167 MB)
2025-01-20T14:00:16.371+05:30  INFO 92389 --- [eam--1653228846] tc.mysql:8.0                             : Pulling image layers:  0 pending, 11 downloaded,  1 extracted, (164 MB/167 MB)
2025-01-20T14:00:16.380+05:30  INFO 92389 --- [eam--1653228846] tc.mysql:8.0                             : Pulling image layers:  0 pending, 11 downloaded,  2 extracted, (164 MB/167 MB)
2025-01-20T14:00:16.398+05:30  INFO 92389 --- [eam--1653228846] tc.mysql:8.0                             : Pulling image layers:  0 pending, 11 downloaded,  3 extracted, (164 MB/167 MB)
2025-01-20T14:00:16.506+05:30  INFO 92389 --- [eam--1653228846] tc.mysql:8.0                             : Pulling image layers:  0 pending, 11 downloaded,  4 extracted, (164 MB/167 MB)
2025-01-20T14:00:16.513+05:30  INFO 92389 --- [eam--1653228846] tc.mysql:8.0                             : Pulling image layers:  0 pending, 11 downloaded,  5 extracted, (164 MB/167 MB)
2025-01-20T14:00:16.521+05:30  INFO 92389 --- [eam--1653228846] tc.mysql:8.0                             : Pulling image layers:  0 pending, 11 downloaded,  6 extracted, (164 MB/167 MB)
2025-01-20T14:00:17.114+05:30  INFO 92389 --- [eam--1653228846] tc.mysql:8.0                             : Pull complete. 11 layers, pulled in 21s (downloaded 166 MB at 7 MB/s)
2025-01-20T14:00:20.129+05:30  INFO 92389 --- [eam--1153944925] tc.mysql:8.0                             : Starting to pull image
2025-01-20T14:00:20.131+05:30  INFO 92389 --- [eam--1153944925] tc.mysql:8.0                             : Pulling image layers:  0 pending,  0 downloaded,  0 extracted, (0 bytes/0 bytes)
2025-01-20T14:00:23.266+05:30  INFO 92389 --- [eam--1153944925] tc.mysql:8.0                             : Pulling image layers: 10 pending,  1 downloaded,  0 extracted, (884 bytes/? MB)
2025-01-20T14:00:25.989+05:30  INFO 92389 --- [eam--1153944925] tc.mysql:8.0                             : Pulling image layers:  9 pending,  2 downloaded,  0 extracted, (2 MB/? MB)
2025-01-20T14:00:26.978+05:30  INFO 92389 --- [eam--1153944925] tc.mysql:8.0                             : Pulling image layers:  8 pending,  3 downloaded,  0 extracted, (14 MB/? MB)
2025-01-20T14:00:27.925+05:30  INFO 92389 --- [eam--1153944925] tc.mysql:8.0                             : Pulling image layers:  7 pending,  4 downloaded,  0 extracted, (30 MB/? MB)
2025-01-20T14:00:28.982+05:30  INFO 92389 --- [eam--1153944925] tc.mysql:8.0                             : Pulling image layers:  6 pending,  5 downloaded,  0 extracted, (45 MB/? MB)
2025-01-20T14:00:29.512+05:30  INFO 92389 --- [eam--1153944925] tc.mysql:8.0                             : Pulling image layers:  5 pending,  6 downloaded,  0 extracted, (54 MB/? MB)
2025-01-20T14:00:30.298+05:30  INFO 92389 --- [eam--1153944925] tc.mysql:8.0                             : Pulling image layers:  5 pending,  6 downloaded,  1 extracted, (54 MB/? MB)
2025-01-20T14:00:30.310+05:30  INFO 92389 --- [eam--1153944925] tc.mysql:8.0                             : Pulling image layers:  5 pending,  6 downloaded,  2 extracted, (54 MB/? MB)
2025-01-20T14:00:30.324+05:30  INFO 92389 --- [eam--1153944925] tc.mysql:8.0                             : Pulling image layers:  5 pending,  6 downloaded,  3 extracted, (54 MB/? MB)
2025-01-20T14:00:30.454+05:30  INFO 92389 --- [eam--1153944925] tc.mysql:8.0                             : Pulling image layers:  5 pending,  6 downloaded,  4 extracted, (54 MB/? MB)
2025-01-20T14:00:30.463+05:30  INFO 92389 --- [eam--1153944925] tc.mysql:8.0                             : Pulling image layers:  5 pending,  6 downloaded,  5 extracted, (54 MB/? MB)
2025-01-20T14:00:30.472+05:30  INFO 92389 --- [eam--1153944925] tc.mysql:8.0                             : Pulling image layers:  5 pending,  6 downloaded,  6 extracted, (54 MB/? MB)
2025-01-20T14:00:30.909+05:30  INFO 92389 --- [eam--1153944925] tc.mysql:8.0                             : Pulling image layers:  4 pending,  7 downloaded,  6 extracted, (55 MB/? MB)
2025-01-20T14:00:32.844+05:30  INFO 92389 --- [eam--1153944925] tc.mysql:8.0                             : Pulling image layers:  3 pending,  8 downloaded,  6 extracted, (80 MB/? MB)
2025-01-20T14:00:34.928+05:30  INFO 92389 --- [eam--1153944925] tc.mysql:8.0                             : Pulling image layers:  2 pending,  9 downloaded,  6 extracted, (123 MB/? MB)
2025-01-20T14:00:35.075+05:30  INFO 92389 --- [eam--1153944925] tc.mysql:8.0                             : Pulling image layers:  1 pending, 10 downloaded,  6 extracted, (123 MB/? MB)
2025-01-20T14:00:35.574+05:30  INFO 92389 --- [eam--1153944925] tc.mysql:8.0                             : Pulling image layers:  1 pending, 10 downloaded,  7 extracted, (134 MB/? MB)
2025-01-20T14:00:35.584+05:30  INFO 92389 --- [eam--1153944925] tc.mysql:8.0                             : Pulling image layers:  1 pending, 10 downloaded,  8 extracted, (134 MB/? MB)
2025-01-20T14:00:37.403+05:30  INFO 92389 --- [eam--1153944925] tc.mysql:8.0                             : Pulling image layers:  0 pending, 11 downloaded,  8 extracted, (162 MB/163 MB)
2025-01-20T14:00:37.704+05:30  INFO 92389 --- [eam--1153944925] tc.mysql:8.0                             : Pull complete. 11 layers, pulled in 17s (downloaded 163 MB at 9 MB/s)
2025-01-20T14:00:37.707+05:30  INFO 92389 --- [           main] tc.mysql:8.0                             : Pulling docker image: mysql:8.0. Please be patient; this may take some time but only needs to be done once.
2025-01-20T14:00:40.987+05:30  INFO 92389 --- [eam--1653228846] tc.mysql:8.0                             : Starting to pull image
2025-01-20T14:00:40.988+05:30  INFO 92389 --- [eam--1653228846] tc.mysql:8.0                             : Pulling image layers:  0 pending,  0 downloaded,  0 extracted, (0 bytes/0 bytes)
2025-01-20T14:00:45.279+05:30  INFO 92389 --- [eam--1653228846] tc.mysql:8.0                             : Pulling image layers: 10 pending,  1 downloaded,  0 extracted, (899 KB/? MB)
2025-01-20T14:00:45.549+05:30  INFO 92389 --- [eam--1653228846] tc.mysql:8.0                             : Pulling image layers:  9 pending,  2 downloaded,  0 extracted, (1 MB/? MB)
2025-01-20T14:00:47.487+05:30  INFO 92389 --- [eam--1653228846] tc.mysql:8.0                             : Pulling image layers:  8 pending,  3 downloaded,  0 extracted, (25 MB/? MB)
2025-01-20T14:00:48.761+05:30  INFO 92389 --- [eam--1653228846] tc.mysql:8.0                             : Pulling image layers:  7 pending,  4 downloaded,  0 extracted, (47 MB/? MB)
2025-01-20T14:00:48.963+05:30  INFO 92389 --- [eam--1653228846] tc.mysql:8.0                             : Pulling image layers:  6 pending,  5 downloaded,  0 extracted, (49 MB/? MB)
2025-01-20T14:00:49.442+05:30  INFO 92389 --- [eam--1653228846] tc.mysql:8.0                             : Pulling image layers:  5 pending,  6 downloaded,  0 extracted, (49 MB/? MB)
2025-01-20T14:00:49.531+05:30  INFO 92389 --- [eam--1653228846] tc.mysql:8.0                             : Pulling image layers:  5 pending,  6 downloaded,  1 extracted, (51 MB/? MB)
2025-01-20T14:00:49.541+05:30  INFO 92389 --- [eam--1653228846] tc.mysql:8.0                             : Pulling image layers:  5 pending,  6 downloaded,  2 extracted, (51 MB/? MB)
2025-01-20T14:00:49.554+05:30  INFO 92389 --- [eam--1653228846] tc.mysql:8.0                             : Pulling image layers:  5 pending,  6 downloaded,  3 extracted, (51 MB/? MB)
2025-01-20T14:00:49.655+05:30  INFO 92389 --- [eam--1653228846] tc.mysql:8.0                             : Pulling image layers:  5 pending,  6 downloaded,  4 extracted, (52 MB/? MB)
2025-01-20T14:00:49.662+05:30  INFO 92389 --- [eam--1653228846] tc.mysql:8.0                             : Pulling image layers:  5 pending,  6 downloaded,  5 extracted, (52 MB/? MB)
2025-01-20T14:00:49.668+05:30  INFO 92389 --- [eam--1653228846] tc.mysql:8.0                             : Pulling image layers:  5 pending,  6 downloaded,  6 extracted, (52 MB/? MB)
2025-01-20T14:00:50.893+05:30  INFO 92389 --- [eam--1653228846] tc.mysql:8.0                             : Pulling image layers:  4 pending,  7 downloaded,  6 extracted, (52 MB/? MB)
2025-01-20T14:00:52.843+05:30  INFO 92389 --- [eam--1653228846] tc.mysql:8.0                             : Pulling image layers:  3 pending,  8 downloaded,  6 extracted, (67 MB/? MB)
2025-01-20T14:00:54.842+05:30  INFO 92389 --- [eam--1653228846] tc.mysql:8.0                             : Pulling image layers:  2 pending,  9 downloaded,  6 extracted, (125 MB/? MB)
2025-01-20T14:00:55.102+05:30  INFO 92389 --- [eam--1653228846] tc.mysql:8.0                             : Pulling image layers:  1 pending, 10 downloaded,  6 extracted, (132 MB/? MB)
2025-01-20T14:00:55.743+05:30  INFO 92389 --- [eam--1653228846] tc.mysql:8.0                             : Pulling image layers:  1 pending, 10 downloaded,  7 extracted, (143 MB/? MB)
2025-01-20T14:00:55.751+05:30  INFO 92389 --- [eam--1653228846] tc.mysql:8.0                             : Pulling image layers:  1 pending, 10 downloaded,  8 extracted, (143 MB/? MB)
2025-01-20T14:00:57.225+05:30  INFO 92389 --- [eam--1653228846] tc.mysql:8.0                             : Pulling image layers:  0 pending, 11 downloaded,  8 extracted, (166 MB/167 MB)
2025-01-20T14:00:57.543+05:30  INFO 92389 --- [eam--1653228846] tc.mysql:8.0                             : Pull complete. 11 layers, pulled in 16s (downloaded 167 MB at 10 MB/s)
2025-01-20T14:01:00.955+05:30  INFO 92389 --- [eam--1153944925] tc.mysql:8.0                             : Starting to pull image
2025-01-20T14:01:00.956+05:30  INFO 92389 --- [eam--1153944925] tc.mysql:8.0                             : Pulling image layers:  0 pending,  0 downloaded,  0 extracted, (0 bytes/0 bytes)
2025-01-20T14:01:05.020+05:30  INFO 92389 --- [eam--1153944925] tc.mysql:8.0                             : Pulling image layers: 10 pending,  1 downloaded,  0 extracted, (584 KB/? MB)
2025-01-20T14:01:05.831+05:30  INFO 92389 --- [eam--1153944925] tc.mysql:8.0                             : Pulling image layers:  9 pending,  2 downloaded,  0 extracted, (4 MB/? MB)
2025-01-20T14:01:07.782+05:30  INFO 92389 --- [eam--1153944925] tc.mysql:8.0                             : Pulling image layers:  8 pending,  3 downloaded,  0 extracted, (34 MB/? MB)
2025-01-20T14:01:08.616+05:30  INFO 92389 --- [eam--1153944925] tc.mysql:8.0                             : Pulling image layers:  7 pending,  4 downloaded,  0 extracted, (51 MB/? MB)
2025-01-20T14:01:08.662+05:30  INFO 92389 --- [eam--1153944925] tc.mysql:8.0                             : Pulling image layers:  6 pending,  5 downloaded,  0 extracted, (51 MB/? MB)
2025-01-20T14:01:09.488+05:30  INFO 92389 --- [eam--1153944925] tc.mysql:8.0                             : Pulling image layers:  6 pending,  5 downloaded,  1 extracted, (53 MB/? MB)
2025-01-20T14:01:09.497+05:30  INFO 92389 --- [eam--1153944925] tc.mysql:8.0                             : Pulling image layers:  6 pending,  5 downloaded,  2 extracted, (53 MB/? MB)
2025-01-20T14:01:09.513+05:30  INFO 92389 --- [eam--1153944925] tc.mysql:8.0                             : Pulling image layers:  6 pending,  5 downloaded,  3 extracted, (53 MB/? MB)
2025-01-20T14:01:09.625+05:30  INFO 92389 --- [eam--1153944925] tc.mysql:8.0                             : Pulling image layers:  6 pending,  5 downloaded,  4 extracted, (54 MB/? MB)
2025-01-20T14:01:09.637+05:30  INFO 92389 --- [eam--1153944925] tc.mysql:8.0                             : Pulling image layers:  6 pending,  5 downloaded,  5 extracted, (54 MB/? MB)
2025-01-20T14:01:09.691+05:30  INFO 92389 --- [eam--1153944925] tc.mysql:8.0                             : Pulling image layers:  5 pending,  6 downloaded,  5 extracted, (54 MB/? MB)
2025-01-20T14:01:09.697+05:30  INFO 92389 --- [eam--1153944925] tc.mysql:8.0                             : Pulling image layers:  5 pending,  6 downloaded,  6 extracted, (54 MB/? MB)
2025-01-20T14:01:10.570+05:30  INFO 92389 --- [eam--1153944925] tc.mysql:8.0                             : Pulling image layers:  4 pending,  7 downloaded,  6 extracted, (54 MB/? MB)
2025-01-20T14:01:12.495+05:30  INFO 92389 --- [eam--1153944925] tc.mysql:8.0                             : Pulling image layers:  3 pending,  8 downloaded,  6 extracted, (64 MB/? MB)
2025-01-20T14:01:14.519+05:30  INFO 92389 --- [eam--1153944925] tc.mysql:8.0                             : Pulling image layers:  2 pending,  9 downloaded,  6 extracted, (116 MB/? MB)
2025-01-20T14:01:15.062+05:30  INFO 92389 --- [eam--1153944925] tc.mysql:8.0                             : Pulling image layers:  1 pending, 10 downloaded,  6 extracted, (131 MB/? MB)
2025-01-20T14:01:15.661+05:30  INFO 92389 --- [eam--1153944925] tc.mysql:8.0                             : Pulling image layers:  1 pending, 10 downloaded,  7 extracted, (141 MB/? MB)
2025-01-20T14:01:15.672+05:30  INFO 92389 --- [eam--1153944925] tc.mysql:8.0                             : Pulling image layers:  1 pending, 10 downloaded,  8 extracted, (141 MB/? MB)
2025-01-20T14:01:17.020+05:30  INFO 92389 --- [eam--1153944925] tc.mysql:8.0                             : Pulling image layers:  0 pending, 11 downloaded,  8 extracted, (162 MB/163 MB)
2025-01-20T14:01:17.306+05:30  INFO 92389 --- [eam--1153944925] tc.mysql:8.0                             : Pull complete. 11 layers, pulled in 16s (downloaded 163 MB at 10 MB/s)
]]></system-out>
  </testcase>
</testsuite>