<?xml version="1.0" encoding="UTF-8"?>
<testsuite xmlns:xsi="http://www.w3.org/2001/XMLSchema-instance" xsi:noNamespaceSchemaLocation="https://maven.apache.org/surefire/maven-surefire-plugin/xsd/surefire-test-report-3.0.xsd" version="3.0" name="com.example.SynchronyDemo.integration.UserIntegrationTest" time="100.833" tests="1" errors="1" skipped="0" failures="0">
  <properties>
    <property name="java.specification.version" value="18"/>
    <property name="sun.jnu.encoding" value="UTF-8"/>
    <property name="java.class.path" value="/Users/nithish/Downloads/SynchronyDemo/target/test-classes:/Users/nithish/Downloads/SynchronyDemo/target/classes:/Users/nithish/.m2/repository/org/springframework/boot/spring-boot-starter-data-jpa/3.1.2/spring-boot-starter-data-jpa-3.1.2.jar:/Users/nithish/.m2/repository/org/springframework/boot/spring-boot-starter-aop/3.1.2/spring-boot-starter-aop-3.1.2.jar:/Users/nithish/.m2/repository/org/springframework/spring-aop/6.0.11/spring-aop-6.0.11.jar:/Users/nithish/.m2/repository/org/aspectj/aspectjweaver/1.9.19/aspectjweaver-1.9.19.jar:/Users/nithish/.m2/repository/org/springframework/boot/spring-boot-starter-jdbc/3.1.2/spring-boot-starter-jdbc-3.1.2.jar:/Users/nithish/.m2/repository/com/zaxxer/HikariCP/5.0.1/HikariCP-5.0.1.jar:/Users/nithish/.m2/repository/org/springframework/spring-jdbc/6.0.11/spring-jdbc-6.0.11.jar:/Users/nithish/.m2/repository/org/hibernate/orm/hibernate-core/6.2.6.Final/hibernate-core-6.2.6.Final.jar:/Users/nithish/.m2/repository/jakarta/persistence/jakarta.persistence-api/3.1.0/jakarta.persistence-api-3.1.0.jar:/Users/nithish/.m2/repository/jakarta/transaction/jakarta.transaction-api/2.0.1/jakarta.transaction-api-2.0.1.jar:/Users/nithish/.m2/repository/org/jboss/logging/jboss-logging/3.5.3.Final/jboss-logging-3.5.3.Final.jar:/Users/nithish/.m2/repository/org/hibernate/common/hibernate-commons-annotations/6.0.6.Final/hibernate-commons-annotations-6.0.6.Final.jar:/Users/nithish/.m2/repository/io/smallrye/jandex/3.0.5/jandex-3.0.5.jar:/Users/nithish/.m2/repository/com/fasterxml/classmate/1.5.1/classmate-1.5.1.jar:/Users/nithish/.m2/repository/net/bytebuddy/byte-buddy/1.14.5/byte-buddy-1.14.5.jar:/Users/nithish/.m2/repository/org/glassfish/jaxb/jaxb-runtime/4.0.3/jaxb-runtime-4.0.3.jar:/Users/nithish/.m2/repository/org/glassfish/jaxb/jaxb-core/4.0.3/jaxb-core-4.0.3.jar:/Users/nithish/.m2/repository/org/eclipse/angus/angus-activation/2.0.1/angus-activation-2.0.1.jar:/Users/nithish/.m2/repository/org/glassfish/jaxb/txw2/4.0.3/txw2-4.0.3.jar:/Users/nithish/.m2/repository/com/sun/istack/istack-commons-runtime/4.1.2/istack-commons-runtime-4.1.2.jar:/Users/nithish/.m2/repository/jakarta/inject/jakarta.inject-api/2.0.1/jakarta.inject-api-2.0.1.jar:/Users/nithish/.m2/repository/org/antlr/antlr4-runtime/4.10.1/antlr4-runtime-4.10.1.jar:/Users/nithish/.m2/repository/org/springframework/data/spring-data-jpa/3.1.2/spring-data-jpa-3.1.2.jar:/Users/nithish/.m2/repository/org/springframework/data/spring-data-commons/3.1.2/spring-data-commons-3.1.2.jar:/Users/nithish/.m2/repository/org/springframework/spring-orm/6.0.11/spring-orm-6.0.11.jar:/Users/nithish/.m2/repository/org/springframework/spring-context/6.0.11/spring-context-6.0.11.jar:/Users/nithish/.m2/repository/org/springframework/spring-tx/6.0.11/spring-tx-6.0.11.jar:/Users/nithish/.m2/repository/org/springframework/spring-beans/6.0.11/spring-beans-6.0.11.jar:/Users/nithish/.m2/repository/jakarta/annotation/jakarta.annotation-api/2.1.1/jakarta.annotation-api-2.1.1.jar:/Users/nithish/.m2/repository/org/springframework/spring-aspects/6.0.11/spring-aspects-6.0.11.jar:/Users/nithish/.m2/repository/org/springframework/boot/spring-boot-starter-data-redis/3.1.2/spring-boot-starter-data-redis-3.1.2.jar:/Users/nithish/.m2/repository/org/springframework/boot/spring-boot-starter/3.1.2/spring-boot-starter-3.1.2.jar:/Users/nithish/.m2/repository/org/springframework/boot/spring-boot/3.1.2/spring-boot-3.1.2.jar:/Users/nithish/.m2/repository/org/springframework/boot/spring-boot-autoconfigure/3.1.2/spring-boot-autoconfigure-3.1.2.jar:/Users/nithish/.m2/repository/org/springframework/boot/spring-boot-starter-logging/3.1.2/spring-boot-starter-logging-3.1.2.jar:/Users/nithish/.m2/repository/ch/qos/logback/logback-classic/1.4.8/logback-classic-1.4.8.jar:/Users/nithish/.m2/repository/ch/qos/logback/logback-core/1.4.8/logback-core-1.4.8.jar:/Users/nithish/.m2/repository/org/apache/logging/log4j/log4j-to-slf4j/2.20.0/log4j-to-slf4j-2.20.0.jar:/Users/nithish/.m2/repository/org/apache/logging/log4j/log4j-api/2.20.0/log4j-api-2.20.0.jar:/Users/nithish/.m2/repository/org/slf4j/jul-to-slf4j/2.0.7/jul-to-slf4j-2.0.7.jar:/Users/nithish/.m2/repository/org/yaml/snakeyaml/1.33/snakeyaml-1.33.jar:/Users/nithish/.m2/repository/org/springframework/data/spring-data-redis/3.1.2/spring-data-redis-3.1.2.jar:/Users/nithish/.m2/repository/org/springframework/data/spring-data-keyvalue/3.1.2/spring-data-keyvalue-3.1.2.jar:/Users/nithish/.m2/repository/org/springframework/spring-oxm/6.0.11/spring-oxm-6.0.11.jar:/Users/nithish/.m2/repository/io/lettuce/lettuce-core/6.2.5.RELEASE/lettuce-core-6.2.5.RELEASE.jar:/Users/nithish/.m2/repository/io/netty/netty-common/4.1.94.Final/netty-common-4.1.94.Final.jar:/Users/nithish/.m2/repository/io/netty/netty-handler/4.1.94.Final/netty-handler-4.1.94.Final.jar:/Users/nithish/.m2/repository/io/netty/netty-resolver/4.1.94.Final/netty-resolver-4.1.94.Final.jar:/Users/nithish/.m2/repository/io/netty/netty-buffer/4.1.94.Final/netty-buffer-4.1.94.Final.jar:/Users/nithish/.m2/repository/io/netty/netty-transport-native-unix-common/4.1.94.Final/netty-transport-native-unix-common-4.1.94.Final.jar:/Users/nithish/.m2/repository/io/netty/netty-codec/4.1.94.Final/netty-codec-4.1.94.Final.jar:/Users/nithish/.m2/repository/io/netty/netty-transport/4.1.94.Final/netty-transport-4.1.94.Final.jar:/Users/nithish/.m2/repository/io/projectreactor/reactor-core/3.5.8/reactor-core-3.5.8.jar:/Users/nithish/.m2/repository/org/reactivestreams/reactive-streams/1.0.4/reactive-streams-1.0.4.jar:/Users/nithish/.m2/repository/org/springframework/boot/spring-boot-starter-web/3.1.2/spring-boot-starter-web-3.1.2.jar:/Users/nithish/.m2/repository/org/springframework/boot/spring-boot-starter-json/3.1.2/spring-boot-starter-json-3.1.2.jar:/Users/nithish/.m2/repository/com/fasterxml/jackson/core/jackson-databind/2.15.2/jackson-databind-2.15.2.jar:/Users/nithish/.m2/repository/com/fasterxml/jackson/core/jackson-core/2.15.2/jackson-core-2.15.2.jar:/Users/nithish/.m2/repository/com/fasterxml/jackson/datatype/jackson-datatype-jdk8/2.15.2/jackson-datatype-jdk8-2.15.2.jar:/Users/nithish/.m2/repository/com/fasterxml/jackson/datatype/jackson-datatype-jsr310/2.15.2/jackson-datatype-jsr310-2.15.2.jar:/Users/nithish/.m2/repository/com/fasterxml/jackson/module/jackson-module-parameter-names/2.15.2/jackson-module-parameter-names-2.15.2.jar:/Users/nithish/.m2/repository/org/springframework/boot/spring-boot-starter-tomcat/3.1.2/spring-boot-starter-tomcat-3.1.2.jar:/Users/nithish/.m2/repository/org/apache/tomcat/embed/tomcat-embed-core/10.1.11/tomcat-embed-core-10.1.11.jar:/Users/nithish/.m2/repository/org/apache/tomcat/embed/tomcat-embed-el/10.1.11/tomcat-embed-el-10.1.11.jar:/Users/nithish/.m2/repository/org/apache/tomcat/embed/tomcat-embed-websocket/10.1.11/tomcat-embed-websocket-10.1.11.jar:/Users/nithish/.m2/repository/org/springframework/spring-web/6.0.11/spring-web-6.0.11.jar:/Users/nithish/.m2/repository/org/springframework/spring-webmvc/6.0.11/spring-webmvc-6.0.11.jar:/Users/nithish/.m2/repository/org/springframework/spring-expression/6.0.11/spring-expression-6.0.11.jar:/Users/nithish/.m2/repository/com/mysql/mysql-connector-j/8.0.33/mysql-connector-j-8.0.33.jar:/Users/nithish/.m2/repository/org/projectlombok/lombok/1.18.28/lombok-1.18.28.jar:/Users/nithish/.m2/repository/org/springframework/boot/spring-boot-starter-actuator/3.1.2/spring-boot-starter-actuator-3.1.2.jar:/Users/nithish/.m2/repository/org/springframework/boot/spring-boot-actuator-autoconfigure/3.1.2/spring-boot-actuator-autoconfigure-3.1.2.jar:/Users/nithish/.m2/repository/org/springframework/boot/spring-boot-actuator/3.1.2/spring-boot-actuator-3.1.2.jar:/Users/nithish/.m2/repository/io/micrometer/micrometer-observation/1.11.2/micrometer-observation-1.11.2.jar:/Users/nithish/.m2/repository/io/micrometer/micrometer-commons/1.11.2/micrometer-commons-1.11.2.jar:/Users/nithish/.m2/repository/io/micrometer/micrometer-core/1.11.2/micrometer-core-1.11.2.jar:/Users/nithish/.m2/repository/org/hdrhistogram/HdrHistogram/2.1.12/HdrHistogram-2.1.12.jar:/Users/nithish/.m2/repository/org/latencyutils/LatencyUtils/2.0.3/LatencyUtils-2.0.3.jar:/Users/nithish/.m2/repository/io/micrometer/micrometer-registry-prometheus/1.11.2/micrometer-registry-prometheus-1.11.2.jar:/Users/nithish/.m2/repository/io/prometheus/simpleclient_common/0.16.0/simpleclient_common-0.16.0.jar:/Users/nithish/.m2/repository/io/prometheus/simpleclient/0.16.0/simpleclient-0.16.0.jar:/Users/nithish/.m2/repository/io/prometheus/simpleclient_tracer_otel/0.16.0/simpleclient_tracer_otel-0.16.0.jar:/Users/nithish/.m2/repository/io/prometheus/simpleclient_tracer_common/0.16.0/simpleclient_tracer_common-0.16.0.jar:/Users/nithish/.m2/repository/io/prometheus/simpleclient_tracer_otel_agent/0.16.0/simpleclient_tracer_otel_agent-0.16.0.jar:/Users/nithish/.m2/repository/org/springframework/boot/spring-boot-starter-test/3.1.2/spring-boot-starter-test-3.1.2.jar:/Users/nithish/.m2/repository/org/springframework/boot/spring-boot-test/3.1.2/spring-boot-test-3.1.2.jar:/Users/nithish/.m2/repository/org/springframework/boot/spring-boot-test-autoconfigure/3.1.2/spring-boot-test-autoconfigure-3.1.2.jar:/Users/nithish/.m2/repository/com/jayway/jsonpath/json-path/2.8.0/json-path-2.8.0.jar:/Users/nithish/.m2/repository/jakarta/xml/bind/jakarta.xml.bind-api/4.0.0/jakarta.xml.bind-api-4.0.0.jar:/Users/nithish/.m2/repository/jakarta/activation/jakarta.activation-api/2.1.2/jakarta.activation-api-2.1.2.jar:/Users/nithish/.m2/repository/net/minidev/json-smart/2.4.11/json-smart-2.4.11.jar:/Users/nithish/.m2/repository/net/minidev/accessors-smart/2.4.11/accessors-smart-2.4.11.jar:/Users/nithish/.m2/repository/org/ow2/asm/asm/9.3/asm-9.3.jar:/Users/nithish/.m2/repository/org/assertj/assertj-core/3.24.2/assertj-core-3.24.2.jar:/Users/nithish/.m2/repository/org/hamcrest/hamcrest/2.2/hamcrest-2.2.jar:/Users/nithish/.m2/repository/org/junit/jupiter/junit-jupiter/5.9.3/junit-jupiter-5.9.3.jar:/Users/nithish/.m2/repository/org/junit/jupiter/junit-jupiter-api/5.9.3/junit-jupiter-api-5.9.3.jar:/Users/nithish/.m2/repository/org/opentest4j/opentest4j/1.2.0/opentest4j-1.2.0.jar:/Users/nithish/.m2/repository/org/junit/platform/junit-platform-commons/1.9.3/junit-platform-commons-1.9.3.jar:/Users/nithish/.m2/repository/org/apiguardian/apiguardian-api/1.1.2/apiguardian-api-1.1.2.jar:/Users/nithish/.m2/repository/org/junit/jupiter/junit-jupiter-params/5.9.3/junit-jupiter-params-5.9.3.jar:/Users/nithish/.m2/repository/org/junit/jupiter/junit-jupiter-engine/5.9.3/junit-jupiter-engine-5.9.3.jar:/Users/nithish/.m2/repository/org/junit/platform/junit-platform-engine/1.9.3/junit-platform-engine-1.9.3.jar:/Users/nithish/.m2/repository/org/mockito/mockito-core/5.3.1/mockito-core-5.3.1.jar:/Users/nithish/.m2/repository/net/bytebuddy/byte-buddy-agent/1.14.5/byte-buddy-agent-1.14.5.jar:/Users/nithish/.m2/repository/org/objenesis/objenesis/3.3/objenesis-3.3.jar:/Users/nithish/.m2/repository/org/mockito/mockito-junit-jupiter/5.3.1/mockito-junit-jupiter-5.3.1.jar:/Users/nithish/.m2/repository/org/skyscreamer/jsonassert/1.5.1/jsonassert-1.5.1.jar:/Users/nithish/.m2/repository/com/vaadin/external/google/android-json/0.0.20131108.vaadin1/android-json-0.0.20131108.vaadin1.jar:/Users/nithish/.m2/repository/org/springframework/spring-core/6.0.11/spring-core-6.0.11.jar:/Users/nithish/.m2/repository/org/springframework/spring-jcl/6.0.11/spring-jcl-6.0.11.jar:/Users/nithish/.m2/repository/org/springframework/spring-test/6.0.11/spring-test-6.0.11.jar:/Users/nithish/.m2/repository/org/xmlunit/xmlunit-core/2.9.1/xmlunit-core-2.9.1.jar:/Users/nithish/.m2/repository/org/springframework/boot/spring-boot-starter-cache/3.1.2/spring-boot-starter-cache-3.1.2.jar:/Users/nithish/.m2/repository/org/springframework/spring-context-support/6.0.11/spring-context-support-6.0.11.jar:/Users/nithish/.m2/repository/org/testcontainers/testcontainers/1.19.3/testcontainers-1.19.3.jar:/Users/nithish/.m2/repository/junit/junit/4.13.2/junit-4.13.2.jar:/Users/nithish/.m2/repository/org/hamcrest/hamcrest-core/2.2/hamcrest-core-2.2.jar:/Users/nithish/.m2/repository/org/slf4j/slf4j-api/2.0.7/slf4j-api-2.0.7.jar:/Users/nithish/.m2/repository/org/apache/commons/commons-compress/1.24.0/commons-compress-1.24.0.jar:/Users/nithish/.m2/repository/org/rnorth/duct-tape/duct-tape/1.0.8/duct-tape-1.0.8.jar:/Users/nithish/.m2/repository/org/jetbrains/annotations/17.0.0/annotations-17.0.0.jar:/Users/nithish/.m2/repository/com/github/docker-java/docker-java-api/3.3.4/docker-java-api-3.3.4.jar:/Users/nithish/.m2/repository/com/fasterxml/jackson/core/jackson-annotations/2.15.2/jackson-annotations-2.15.2.jar:/Users/nithish/.m2/repository/com/github/docker-java/docker-java-transport-zerodep/3.3.4/docker-java-transport-zerodep-3.3.4.jar:/Users/nithish/.m2/repository/com/github/docker-java/docker-java-transport/3.3.4/docker-java-transport-3.3.4.jar:/Users/nithish/.m2/repository/net/java/dev/jna/jna/5.13.0/jna-5.13.0.jar:/Users/nithish/.m2/repository/org/testcontainers/junit-jupiter/1.19.3/junit-jupiter-1.19.3.jar:/Users/nithish/.m2/repository/org/testcontainers/mysql/1.19.3/mysql-1.19.3.jar:/Users/nithish/.m2/repository/org/testcontainers/jdbc/1.18.3/jdbc-1.18.3.jar:/Users/nithish/.m2/repository/org/testcontainers/database-commons/1.18.3/database-commons-1.18.3.jar:/Users/nithish/.m2/repository/org/apache/commons/commons-pool2/2.11.1/commons-pool2-2.11.1.jar:"/>
    <property name="java.vm.vendor" value="Oracle Corporation"/>
    <property name="sun.arch.data.model" value="64"/>
    <property name="java.vendor.url" value="https://java.oracle.com/"/>
    <property name="user.timezone" value="Asia/Kolkata"/>
    <property name="os.name" value="Mac OS X"/>
    <property name="java.vm.specification.version" value="18"/>
    <property name="sun.java.launcher" value="SUN_STANDARD"/>
    <property name="user.country" value="IN"/>
    <property name="sun.boot.library.path" value="/Library/Java/JavaVirtualMachines/jdk-18.0.2.1.jdk/Contents/Home/lib"/>
    <property name="sun.java.command" value="/Users/nithish/Downloads/SynchronyDemo/target/surefire/surefirebooter-20250120135758555_3.jar /Users/nithish/Downloads/SynchronyDemo/target/surefire 2025-01-20T13-57-58_526-jvmRun1 surefire-20250120135758555_1tmp surefire_0-20250120135758555_2tmp"/>
    <property name="http.nonProxyHosts" value="local|*.local|169.254/16|*.169.254/16"/>
    <property name="jdk.debug" value="release"/>
    <property name="surefire.test.class.path" value="/Users/nithish/Downloads/SynchronyDemo/target/test-classes:/Users/nithish/Downloads/SynchronyDemo/target/classes:/Users/nithish/.m2/repository/org/springframework/boot/spring-boot-starter-data-jpa/3.1.2/spring-boot-starter-data-jpa-3.1.2.jar:/Users/nithish/.m2/repository/org/springframework/boot/spring-boot-starter-aop/3.1.2/spring-boot-starter-aop-3.1.2.jar:/Users/nithish/.m2/repository/org/springframework/spring-aop/6.0.11/spring-aop-6.0.11.jar:/Users/nithish/.m2/repository/org/aspectj/aspectjweaver/1.9.19/aspectjweaver-1.9.19.jar:/Users/nithish/.m2/repository/org/springframework/boot/spring-boot-starter-jdbc/3.1.2/spring-boot-starter-jdbc-3.1.2.jar:/Users/nithish/.m2/repository/com/zaxxer/HikariCP/5.0.1/HikariCP-5.0.1.jar:/Users/nithish/.m2/repository/org/springframework/spring-jdbc/6.0.11/spring-jdbc-6.0.11.jar:/Users/nithish/.m2/repository/org/hibernate/orm/hibernate-core/6.2.6.Final/hibernate-core-6.2.6.Final.jar:/Users/nithish/.m2/repository/jakarta/persistence/jakarta.persistence-api/3.1.0/jakarta.persistence-api-3.1.0.jar:/Users/nithish/.m2/repository/jakarta/transaction/jakarta.transaction-api/2.0.1/jakarta.transaction-api-2.0.1.jar:/Users/nithish/.m2/repository/org/jboss/logging/jboss-logging/3.5.3.Final/jboss-logging-3.5.3.Final.jar:/Users/nithish/.m2/repository/org/hibernate/common/hibernate-commons-annotations/6.0.6.Final/hibernate-commons-annotations-6.0.6.Final.jar:/Users/nithish/.m2/repository/io/smallrye/jandex/3.0.5/jandex-3.0.5.jar:/Users/nithish/.m2/repository/com/fasterxml/classmate/1.5.1/classmate-1.5.1.jar:/Users/nithish/.m2/repository/net/bytebuddy/byte-buddy/1.14.5/byte-buddy-1.14.5.jar:/Users/nithish/.m2/repository/org/glassfish/jaxb/jaxb-runtime/4.0.3/jaxb-runtime-4.0.3.jar:/Users/nithish/.m2/repository/org/glassfish/jaxb/jaxb-core/4.0.3/jaxb-core-4.0.3.jar:/Users/nithish/.m2/repository/org/eclipse/angus/angus-activation/2.0.1/angus-activation-2.0.1.jar:/Users/nithish/.m2/repository/org/glassfish/jaxb/txw2/4.0.3/txw2-4.0.3.jar:/Users/nithish/.m2/repository/com/sun/istack/istack-commons-runtime/4.1.2/istack-commons-runtime-4.1.2.jar:/Users/nithish/.m2/repository/jakarta/inject/jakarta.inject-api/2.0.1/jakarta.inject-api-2.0.1.jar:/Users/nithish/.m2/repository/org/antlr/antlr4-runtime/4.10.1/antlr4-runtime-4.10.1.jar:/Users/nithish/.m2/repository/org/springframework/data/spring-data-jpa/3.1.2/spring-data-jpa-3.1.2.jar:/Users/nithish/.m2/repository/org/springframework/data/spring-data-commons/3.1.2/spring-data-commons-3.1.2.jar:/Users/nithish/.m2/repository/org/springframework/spring-orm/6.0.11/spring-orm-6.0.11.jar:/Users/nithish/.m2/repository/org/springframework/spring-context/6.0.11/spring-context-6.0.11.jar:/Users/nithish/.m2/repository/org/springframework/spring-tx/6.0.11/spring-tx-6.0.11.jar:/Users/nithish/.m2/repository/org/springframework/spring-beans/6.0.11/spring-beans-6.0.11.jar:/Users/nithish/.m2/repository/jakarta/annotation/jakarta.annotation-api/2.1.1/jakarta.annotation-api-2.1.1.jar:/Users/nithish/.m2/repository/org/springframework/spring-aspects/6.0.11/spring-aspects-6.0.11.jar:/Users/nithish/.m2/repository/org/springframework/boot/spring-boot-starter-data-redis/3.1.2/spring-boot-starter-data-redis-3.1.2.jar:/Users/nithish/.m2/repository/org/springframework/boot/spring-boot-starter/3.1.2/spring-boot-starter-3.1.2.jar:/Users/nithish/.m2/repository/org/springframework/boot/spring-boot/3.1.2/spring-boot-3.1.2.jar:/Users/nithish/.m2/repository/org/springframework/boot/spring-boot-autoconfigure/3.1.2/spring-boot-autoconfigure-3.1.2.jar:/Users/nithish/.m2/repository/org/springframework/boot/spring-boot-starter-logging/3.1.2/spring-boot-starter-logging-3.1.2.jar:/Users/nithish/.m2/repository/ch/qos/logback/logback-classic/1.4.8/logback-classic-1.4.8.jar:/Users/nithish/.m2/repository/ch/qos/logback/logback-core/1.4.8/logback-core-1.4.8.jar:/Users/nithish/.m2/repository/org/apache/logging/log4j/log4j-to-slf4j/2.20.0/log4j-to-slf4j-2.20.0.jar:/Users/nithish/.m2/repository/org/apache/logging/log4j/log4j-api/2.20.0/log4j-api-2.20.0.jar:/Users/nithish/.m2/repository/org/slf4j/jul-to-slf4j/2.0.7/jul-to-slf4j-2.0.7.jar:/Users/nithish/.m2/repository/org/yaml/snakeyaml/1.33/snakeyaml-1.33.jar:/Users/nithish/.m2/repository/org/springframework/data/spring-data-redis/3.1.2/spring-data-redis-3.1.2.jar:/Users/nithish/.m2/repository/org/springframework/data/spring-data-keyvalue/3.1.2/spring-data-keyvalue-3.1.2.jar:/Users/nithish/.m2/repository/org/springframework/spring-oxm/6.0.11/spring-oxm-6.0.11.jar:/Users/nithish/.m2/repository/io/lettuce/lettuce-core/6.2.5.RELEASE/lettuce-core-6.2.5.RELEASE.jar:/Users/nithish/.m2/repository/io/netty/netty-common/4.1.94.Final/netty-common-4.1.94.Final.jar:/Users/nithish/.m2/repository/io/netty/netty-handler/4.1.94.Final/netty-handler-4.1.94.Final.jar:/Users/nithish/.m2/repository/io/netty/netty-resolver/4.1.94.Final/netty-resolver-4.1.94.Final.jar:/Users/nithish/.m2/repository/io/netty/netty-buffer/4.1.94.Final/netty-buffer-4.1.94.Final.jar:/Users/nithish/.m2/repository/io/netty/netty-transport-native-unix-common/4.1.94.Final/netty-transport-native-unix-common-4.1.94.Final.jar:/Users/nithish/.m2/repository/io/netty/netty-codec/4.1.94.Final/netty-codec-4.1.94.Final.jar:/Users/nithish/.m2/repository/io/netty/netty-transport/4.1.94.Final/netty-transport-4.1.94.Final.jar:/Users/nithish/.m2/repository/io/projectreactor/reactor-core/3.5.8/reactor-core-3.5.8.jar:/Users/nithish/.m2/repository/org/reactivestreams/reactive-streams/1.0.4/reactive-streams-1.0.4.jar:/Users/nithish/.m2/repository/org/springframework/boot/spring-boot-starter-web/3.1.2/spring-boot-starter-web-3.1.2.jar:/Users/nithish/.m2/repository/org/springframework/boot/spring-boot-starter-json/3.1.2/spring-boot-starter-json-3.1.2.jar:/Users/nithish/.m2/repository/com/fasterxml/jackson/core/jackson-databind/2.15.2/jackson-databind-2.15.2.jar:/Users/nithish/.m2/repository/com/fasterxml/jackson/core/jackson-core/2.15.2/jackson-core-2.15.2.jar:/Users/nithish/.m2/repository/com/fasterxml/jackson/datatype/jackson-datatype-jdk8/2.15.2/jackson-datatype-jdk8-2.15.2.jar:/Users/nithish/.m2/repository/com/fasterxml/jackson/datatype/jackson-datatype-jsr310/2.15.2/jackson-datatype-jsr310-2.15.2.jar:/Users/nithish/.m2/repository/com/fasterxml/jackson/module/jackson-module-parameter-names/2.15.2/jackson-module-parameter-names-2.15.2.jar:/Users/nithish/.m2/repository/org/springframework/boot/spring-boot-starter-tomcat/3.1.2/spring-boot-starter-tomcat-3.1.2.jar:/Users/nithish/.m2/repository/org/apache/tomcat/embed/tomcat-embed-core/10.1.11/tomcat-embed-core-10.1.11.jar:/Users/nithish/.m2/repository/org/apache/tomcat/embed/tomcat-embed-el/10.1.11/tomcat-embed-el-10.1.11.jar:/Users/nithish/.m2/repository/org/apache/tomcat/embed/tomcat-embed-websocket/10.1.11/tomcat-embed-websocket-10.1.11.jar:/Users/nithish/.m2/repository/org/springframework/spring-web/6.0.11/spring-web-6.0.11.jar:/Users/nithish/.m2/repository/org/springframework/spring-webmvc/6.0.11/spring-webmvc-6.0.11.jar:/Users/nithish/.m2/repository/org/springframework/spring-expression/6.0.11/spring-expression-6.0.11.jar:/Users/nithish/.m2/repository/com/mysql/mysql-connector-j/8.0.33/mysql-connector-j-8.0.33.jar:/Users/nithish/.m2/repository/org/projectlombok/lombok/1.18.28/lombok-1.18.28.jar:/Users/nithish/.m2/repository/org/springframework/boot/spring-boot-starter-actuator/3.1.2/spring-boot-starter-actuator-3.1.2.jar:/Users/nithish/.m2/repository/org/springframework/boot/spring-boot-actuator-autoconfigure/3.1.2/spring-boot-actuator-autoconfigure-3.1.2.jar:/Users/nithish/.m2/repository/org/springframework/boot/spring-boot-actuator/3.1.2/spring-boot-actuator-3.1.2.jar:/Users/nithish/.m2/repository/io/micrometer/micrometer-observation/1.11.2/micrometer-observation-1.11.2.jar:/Users/nithish/.m2/repository/io/micrometer/micrometer-commons/1.11.2/micrometer-commons-1.11.2.jar:/Users/nithish/.m2/repository/io/micrometer/micrometer-core/1.11.2/micrometer-core-1.11.2.jar:/Users/nithish/.m2/repository/org/hdrhistogram/HdrHistogram/2.1.12/HdrHistogram-2.1.12.jar:/Users/nithish/.m2/repository/org/latencyutils/LatencyUtils/2.0.3/LatencyUtils-2.0.3.jar:/Users/nithish/.m2/repository/io/micrometer/micrometer-registry-prometheus/1.11.2/micrometer-registry-prometheus-1.11.2.jar:/Users/nithish/.m2/repository/io/prometheus/simpleclient_common/0.16.0/simpleclient_common-0.16.0.jar:/Users/nithish/.m2/repository/io/prometheus/simpleclient/0.16.0/simpleclient-0.16.0.jar:/Users/nithish/.m2/repository/io/prometheus/simpleclient_tracer_otel/0.16.0/simpleclient_tracer_otel-0.16.0.jar:/Users/nithish/.m2/repository/io/prometheus/simpleclient_tracer_common/0.16.0/simpleclient_tracer_common-0.16.0.jar:/Users/nithish/.m2/repository/io/prometheus/simpleclient_tracer_otel_agent/0.16.0/simpleclient_tracer_otel_agent-0.16.0.jar:/Users/nithish/.m2/repository/org/springframework/boot/spring-boot-starter-test/3.1.2/spring-boot-starter-test-3.1.2.jar:/Users/nithish/.m2/repository/org/springframework/boot/spring-boot-test/3.1.2/spring-boot-test-3.1.2.jar:/Users/nithish/.m2/repository/org/springframework/boot/spring-boot-test-autoconfigure/3.1.2/spring-boot-test-autoconfigure-3.1.2.jar:/Users/nithish/.m2/repository/com/jayway/jsonpath/json-path/2.8.0/json-path-2.8.0.jar:/Users/nithish/.m2/repository/jakarta/xml/bind/jakarta.xml.bind-api/4.0.0/jakarta.xml.bind-api-4.0.0.jar:/Users/nithish/.m2/repository/jakarta/activation/jakarta.activation-api/2.1.2/jakarta.activation-api-2.1.2.jar:/Users/nithish/.m2/repository/net/minidev/json-smart/2.4.11/json-smart-2.4.11.jar:/Users/nithish/.m2/repository/net/minidev/accessors-smart/2.4.11/accessors-smart-2.4.11.jar:/Users/nithish/.m2/repository/org/ow2/asm/asm/9.3/asm-9.3.jar:/Users/nithish/.m2/repository/org/assertj/assertj-core/3.24.2/assertj-core-3.24.2.jar:/Users/nithish/.m2/repository/org/hamcrest/hamcrest/2.2/hamcrest-2.2.jar:/Users/nithish/.m2/repository/org/junit/jupiter/junit-jupiter/5.9.3/junit-jupiter-5.9.3.jar:/Users/nithish/.m2/repository/org/junit/jupiter/junit-jupiter-api/5.9.3/junit-jupiter-api-5.9.3.jar:/Users/nithish/.m2/repository/org/opentest4j/opentest4j/1.2.0/opentest4j-1.2.0.jar:/Users/nithish/.m2/repository/org/junit/platform/junit-platform-commons/1.9.3/junit-platform-commons-1.9.3.jar:/Users/nithish/.m2/repository/org/apiguardian/apiguardian-api/1.1.2/apiguardian-api-1.1.2.jar:/Users/nithish/.m2/repository/org/junit/jupiter/junit-jupiter-params/5.9.3/junit-jupiter-params-5.9.3.jar:/Users/nithish/.m2/repository/org/junit/jupiter/junit-jupiter-engine/5.9.3/junit-jupiter-engine-5.9.3.jar:/Users/nithish/.m2/repository/org/junit/platform/junit-platform-engine/1.9.3/junit-platform-engine-1.9.3.jar:/Users/nithish/.m2/repository/org/mockito/mockito-core/5.3.1/mockito-core-5.3.1.jar:/Users/nithish/.m2/repository/net/bytebuddy/byte-buddy-agent/1.14.5/byte-buddy-agent-1.14.5.jar:/Users/nithish/.m2/repository/org/objenesis/objenesis/3.3/objenesis-3.3.jar:/Users/nithish/.m2/repository/org/mockito/mockito-junit-jupiter/5.3.1/mockito-junit-jupiter-5.3.1.jar:/Users/nithish/.m2/repository/org/skyscreamer/jsonassert/1.5.1/jsonassert-1.5.1.jar:/Users/nithish/.m2/repository/com/vaadin/external/google/android-json/0.0.20131108.vaadin1/android-json-0.0.20131108.vaadin1.jar:/Users/nithish/.m2/repository/org/springframework/spring-core/6.0.11/spring-core-6.0.11.jar:/Users/nithish/.m2/repository/org/springframework/spring-jcl/6.0.11/spring-jcl-6.0.11.jar:/Users/nithish/.m2/repository/org/springframework/spring-test/6.0.11/spring-test-6.0.11.jar:/Users/nithish/.m2/repository/org/xmlunit/xmlunit-core/2.9.1/xmlunit-core-2.9.1.jar:/Users/nithish/.m2/repository/org/springframework/boot/spring-boot-starter-cache/3.1.2/spring-boot-starter-cache-3.1.2.jar:/Users/nithish/.m2/repository/org/springframework/spring-context-support/6.0.11/spring-context-support-6.0.11.jar:/Users/nithish/.m2/repository/org/testcontainers/testcontainers/1.19.3/testcontainers-1.19.3.jar:/Users/nithish/.m2/repository/junit/junit/4.13.2/junit-4.13.2.jar:/Users/nithish/.m2/repository/org/hamcrest/hamcrest-core/2.2/hamcrest-core-2.2.jar:/Users/nithish/.m2/repository/org/slf4j/slf4j-api/2.0.7/slf4j-api-2.0.7.jar:/Users/nithish/.m2/repository/org/apache/commons/commons-compress/1.24.0/commons-compress-1.24.0.jar:/Users/nithish/.m2/repository/org/rnorth/duct-tape/duct-tape/1.0.8/duct-tape-1.0.8.jar:/Users/nithish/.m2/repository/org/jetbrains/annotations/17.0.0/annotations-17.0.0.jar:/Users/nithish/.m2/repository/com/github/docker-java/docker-java-api/3.3.4/docker-java-api-3.3.4.jar:/Users/nithish/.m2/repository/com/fasterxml/jackson/core/jackson-annotations/2.15.2/jackson-annotations-2.15.2.jar:/Users/nithish/.m2/repository/com/github/docker-java/docker-java-transport-zerodep/3.3.4/docker-java-transport-zerodep-3.3.4.jar:/Users/nithish/.m2/repository/com/github/docker-java/docker-java-transport/3.3.4/docker-java-transport-3.3.4.jar:/Users/nithish/.m2/repository/net/java/dev/jna/jna/5.13.0/jna-5.13.0.jar:/Users/nithish/.m2/repository/org/testcontainers/junit-jupiter/1.19.3/junit-jupiter-1.19.3.jar:/Users/nithish/.m2/repository/org/testcontainers/mysql/1.19.3/mysql-1.19.3.jar:/Users/nithish/.m2/repository/org/testcontainers/jdbc/1.18.3/jdbc-1.18.3.jar:/Users/nithish/.m2/repository/org/testcontainers/database-commons/1.18.3/database-commons-1.18.3.jar:/Users/nithish/.m2/repository/org/apache/commons/commons-pool2/2.11.1/commons-pool2-2.11.1.jar:"/>
    <property name="sun.cpu.endian" value="little"/>
    <property name="user.home" value="/Users/nithish"/>
    <property name="user.language" value="en"/>
    <property name="java.specification.vendor" value="Oracle Corporation"/>
    <property name="java.version.date" value="2022-08-18"/>
    <property name="java.home" value="/Library/Java/JavaVirtualMachines/jdk-18.0.2.1.jdk/Contents/Home"/>
    <property name="file.separator" value="/"/>
    <property name="basedir" value="/Users/nithish/Downloads/SynchronyDemo"/>
    <property name="java.vm.compressedOopsMode" value="Zero based"/>
    <property name="line.separator" value="&#10;"/>
    <property name="java.vm.specification.vendor" value="Oracle Corporation"/>
    <property name="java.specification.name" value="Java Platform API Specification"/>
    <property name="apple.awt.application.name" value="ForkedBooter"/>
    <property name="surefire.real.class.path" value="/Users/nithish/Downloads/SynchronyDemo/target/surefire/surefirebooter-20250120135758555_3.jar"/>
    <property name="sun.management.compiler" value="HotSpot 64-Bit Tiered Compilers"/>
    <property name="ftp.nonProxyHosts" value="local|*.local|169.254/16|*.169.254/16"/>
    <property name="java.runtime.version" value="18.0.2.1+1-1"/>
    <property name="user.name" value="nithish"/>
    <property name="path.separator" value=":"/>
    <property name="os.version" value="14.1"/>
    <property name="java.runtime.name" value="Java(TM) SE Runtime Environment"/>
    <property name="file.encoding" value="UTF-8"/>
    <property name="java.vm.name" value="Java HotSpot(TM) 64-Bit Server VM"/>
    <property name="localRepository" value="/Users/nithish/.m2/repository"/>
    <property name="java.vendor.url.bug" value="https://bugreport.java.com/bugreport/"/>
    <property name="java.io.tmpdir" value="/var/folders/yq/49rxd48j3bq6g4ysjdxj1pb80000gn/T/"/>
    <property name="java.version" value="18.0.2.1"/>
    <property name="user.dir" value="/Users/nithish/Downloads/SynchronyDemo"/>
    <property name="os.arch" value="aarch64"/>
    <property name="java.vm.specification.name" value="Java Virtual Machine Specification"/>
    <property name="native.encoding" value="UTF-8"/>
    <property name="java.library.path" value="/Users/nithish/Library/Java/Extensions:/Library/Java/Extensions:/Network/Library/Java/Extensions:/System/Library/Java/Extensions:/usr/lib/java:."/>
    <property name="java.vm.info" value="mixed mode, sharing"/>
    <property name="java.vendor" value="Oracle Corporation"/>
    <property name="java.vm.version" value="18.0.2.1+1-1"/>
    <property name="sun.io.unicode.encoding" value="UnicodeBig"/>
    <property name="socksNonProxyHosts" value="local|*.local|169.254/16|*.169.254/16"/>
    <property name="java.class.version" value="62.0"/>
  </properties>
  <testcase name="" classname="com.example.SynchronyDemo.integration.UserIntegrationTest" time="100.833">
    <error message="Can&apos;t get Docker image: RemoteDockerImage(imageName=mysql:8.0-oracle, imagePullPolicy=DefaultPullPolicy(), imageNameSubstitutor=org.testcontainers.utility.ImageNameSubstitutor$LogWrappedImageNameSubstitutor@42210be1)" type="org.testcontainers.containers.ContainerFetchException"><![CDATA[org.testcontainers.containers.ContainerFetchException: Can't get Docker image: RemoteDockerImage(imageName=mysql:8.0-oracle, imagePullPolicy=DefaultPullPolicy(), imageNameSubstitutor=org.testcontainers.utility.ImageNameSubstitutor$LogWrappedImageNameSubstitutor@42210be1)
	at org.testcontainers.containers.GenericContainer.getDockerImageName(GenericContainer.java:1367)
	at org.testcontainers.containers.GenericContainer.doStart(GenericContainer.java:362)
	at org.testcontainers.containers.GenericContainer.start(GenericContainer.java:333)
	at org.testcontainers.junit.jupiter.TestcontainersExtension$StoreAdapter.start(TestcontainersExtension.java:280)
	at org.testcontainers.junit.jupiter.TestcontainersExtension$StoreAdapter.access$200(TestcontainersExtension.java:267)
	at org.testcontainers.junit.jupiter.TestcontainersExtension.lambda$null$4(TestcontainersExtension.java:82)
	at org.junit.jupiter.engine.execution.ExtensionValuesStore.lambda$getOrComputeIfAbsent$4(ExtensionValuesStore.java:86)
	at org.junit.jupiter.engine.execution.ExtensionValuesStore$MemoizingSupplier.computeValue(ExtensionValuesStore.java:223)
	at org.junit.jupiter.engine.execution.ExtensionValuesStore$MemoizingSupplier.get(ExtensionValuesStore.java:211)
	at org.junit.jupiter.engine.execution.ExtensionValuesStore$StoredValue.evaluate(ExtensionValuesStore.java:191)
	at org.junit.jupiter.engine.execution.ExtensionValuesStore$StoredValue.access$100(ExtensionValuesStore.java:171)
	at org.junit.jupiter.engine.execution.ExtensionValuesStore.getOrComputeIfAbsent(ExtensionValuesStore.java:89)
	at org.junit.jupiter.engine.execution.NamespaceAwareStore.getOrComputeIfAbsent(NamespaceAwareStore.java:53)
	at org.testcontainers.junit.jupiter.TestcontainersExtension.lambda$startContainers$5(TestcontainersExtension.java:82)
	at java.base/java.util.ArrayList.forEach(ArrayList.java:1511)
	at org.testcontainers.junit.jupiter.TestcontainersExtension.startContainers(TestcontainersExtension.java:82)
	at org.testcontainers.junit.jupiter.TestcontainersExtension.beforeAll(TestcontainersExtension.java:56)
	at org.junit.jupiter.engine.descriptor.ClassBasedTestDescriptor.lambda$invokeBeforeAllCallbacks$12(ClassBasedTestDescriptor.java:395)
	at org.junit.platform.engine.support.hierarchical.ThrowableCollector.execute(ThrowableCollector.java:73)
	at org.junit.jupiter.engine.descriptor.ClassBasedTestDescriptor.invokeBeforeAllCallbacks(ClassBasedTestDescriptor.java:395)
	at org.junit.jupiter.engine.descriptor.ClassBasedTestDescriptor.before(ClassBasedTestDescriptor.java:211)
	at org.junit.jupiter.engine.descriptor.ClassBasedTestDescriptor.before(ClassBasedTestDescriptor.java:84)
	at org.junit.platform.engine.support.hierarchical.NodeTestTask.lambda$executeRecursively$6(NodeTestTask.java:148)
	at org.junit.platform.engine.support.hierarchical.ThrowableCollector.execute(ThrowableCollector.java:73)
	at org.junit.platform.engine.support.hierarchical.NodeTestTask.lambda$executeRecursively$8(NodeTestTask.java:141)
	at org.junit.platform.engine.support.hierarchical.Node.around(Node.java:137)
	at org.junit.platform.engine.support.hierarchical.NodeTestTask.lambda$executeRecursively$9(NodeTestTask.java:139)
	at org.junit.platform.engine.support.hierarchical.ThrowableCollector.execute(ThrowableCollector.java:73)
	at org.junit.platform.engine.support.hierarchical.NodeTestTask.executeRecursively(NodeTestTask.java:138)
	at org.junit.platform.engine.support.hierarchical.NodeTestTask.execute(NodeTestTask.java:95)
	at java.base/java.util.ArrayList.forEach(ArrayList.java:1511)
	at org.junit.platform.engine.support.hierarchical.SameThreadHierarchicalTestExecutorService.invokeAll(SameThreadHierarchicalTestExecutorService.java:41)
	at org.junit.platform.engine.support.hierarchical.NodeTestTask.lambda$executeRecursively$6(NodeTestTask.java:155)
	at org.junit.platform.engine.support.hierarchical.ThrowableCollector.execute(ThrowableCollector.java:73)
	at org.junit.platform.engine.support.hierarchical.NodeTestTask.lambda$executeRecursively$8(NodeTestTask.java:141)
	at org.junit.platform.engine.support.hierarchical.Node.around(Node.java:137)
	at org.junit.platform.engine.support.hierarchical.NodeTestTask.lambda$executeRecursively$9(NodeTestTask.java:139)
	at org.junit.platform.engine.support.hierarchical.ThrowableCollector.execute(ThrowableCollector.java:73)
	at org.junit.platform.engine.support.hierarchical.NodeTestTask.executeRecursively(NodeTestTask.java:138)
	at org.junit.platform.engine.support.hierarchical.NodeTestTask.execute(NodeTestTask.java:95)
	at org.junit.platform.engine.support.hierarchical.SameThreadHierarchicalTestExecutorService.submit(SameThreadHierarchicalTestExecutorService.java:35)
	at org.junit.platform.engine.support.hierarchical.HierarchicalTestExecutor.execute(HierarchicalTestExecutor.java:57)
	at org.junit.platform.engine.support.hierarchical.HierarchicalTestEngine.execute(HierarchicalTestEngine.java:54)
	at org.junit.platform.launcher.core.EngineExecutionOrchestrator.execute(EngineExecutionOrchestrator.java:147)
	at org.junit.platform.launcher.core.EngineExecutionOrchestrator.execute(EngineExecutionOrchestrator.java:127)
	at org.junit.platform.launcher.core.EngineExecutionOrchestrator.execute(EngineExecutionOrchestrator.java:90)
	at org.junit.platform.launcher.core.EngineExecutionOrchestrator.lambda$execute$0(EngineExecutionOrchestrator.java:55)
	at org.junit.platform.launcher.core.EngineExecutionOrchestrator.withInterceptedStreams(EngineExecutionOrchestrator.java:102)
	at org.junit.platform.launcher.core.EngineExecutionOrchestrator.execute(EngineExecutionOrchestrator.java:54)
	at org.junit.platform.launcher.core.DefaultLauncher.execute(DefaultLauncher.java:114)
	at org.junit.platform.launcher.core.DefaultLauncher.execute(DefaultLauncher.java:86)
	at org.junit.platform.launcher.core.DefaultLauncherSession$DelegatingLauncher.execute(DefaultLauncherSession.java:86)
	at org.apache.maven.surefire.junitplatform.LazyLauncher.execute(LazyLauncher.java:50)
	at org.apache.maven.surefire.junitplatform.JUnitPlatformProvider.execute(JUnitPlatformProvider.java:184)
	at org.apache.maven.surefire.junitplatform.JUnitPlatformProvider.invokeAllTests(JUnitPlatformProvider.java:148)
	at org.apache.maven.surefire.junitplatform.JUnitPlatformProvider.invoke(JUnitPlatformProvider.java:122)
	at org.apache.maven.surefire.booter.ForkedBooter.runSuitesInProcess(ForkedBooter.java:385)
	at org.apache.maven.surefire.booter.ForkedBooter.execute(ForkedBooter.java:162)
	at org.apache.maven.surefire.booter.ForkedBooter.run(ForkedBooter.java:507)
	at org.apache.maven.surefire.booter.ForkedBooter.main(ForkedBooter.java:495)
Caused by: org.testcontainers.containers.ContainerFetchException: Failed to get Docker client for mysql:8.0-oracle
	at org.testcontainers.images.RemoteDockerImage.resolve(RemoteDockerImage.java:125)
	at org.testcontainers.images.RemoteDockerImage.resolve(RemoteDockerImage.java:28)
	at org.testcontainers.utility.LazyFuture.getResolvedValue(LazyFuture.java:20)
	at org.testcontainers.utility.LazyFuture.get(LazyFuture.java:41)
	at org.testcontainers.containers.GenericContainer.getDockerImageName(GenericContainer.java:1365)
	... 59 more
Caused by: com.github.dockerjava.api.exception.DockerClientException: Could not pull image: failed to register layer: write /usr/lib/mysqlsh/lib/python3.9/site-packages/nacl/_sodium.abi3.so: no space left on device
	at com.github.dockerjava.api.command.PullImageResultCallback.checkDockerClientPullSuccessful(PullImageResultCallback.java:97)
	at com.github.dockerjava.api.command.PullImageResultCallback.throwFirstError(PullImageResultCallback.java:112)
	at com.github.dockerjava.api.async.ResultCallbackTemplate.awaitCompletion(ResultCallbackTemplate.java:93)
	at org.testcontainers.images.TimeLimitedLoggedPullImageResultCallback.awaitCompletion(TimeLimitedLoggedPullImageResultCallback.java:58)
	at org.testcontainers.images.RemoteDockerImage.resolve(RemoteDockerImage.java:97)
	... 63 more
]]></error>
    <system-out><![CDATA[13:57:58.821 [main] INFO org.springframework.test.context.support.AnnotationConfigContextLoaderUtils -- Could not detect default configuration classes for test class [com.example.SynchronyDemo.integration.UserIntegrationTest]: UserIntegrationTest does not declare any static, non-private, non-final, nested classes annotated with @Configuration.
13:57:58.854 [main] INFO org.springframework.boot.test.context.SpringBootTestContextBootstrapper -- Found @SpringBootConfiguration com.example.SynchronyDemo.SynchronyDemoApplication for test class com.example.SynchronyDemo.integration.UserIntegrationTest
13:57:58.894 [main] INFO org.testcontainers.images.PullPolicy -- Image pull policy will be performed by: DefaultPullPolicy()
13:57:58.895 [main] INFO org.testcontainers.utility.ImageNameSubstitutor -- Image name substitution will be performed by: DefaultImageNameSubstitutor (composite of 'ConfigurationFileImageNameSubstitutor' and 'PrefixingImageNameSubstitutor')
13:57:58.978 [main] INFO org.testcontainers.dockerclient.DockerClientProviderStrategy -- Loaded org.testcontainers.dockerclient.UnixSocketClientProviderStrategy from ~/.testcontainers.properties, will try it first
13:57:59.088 [main] INFO org.testcontainers.dockerclient.DockerClientProviderStrategy -- Found Docker environment with local Unix socket (unix:///var/run/docker.sock)
13:57:59.089 [main] INFO org.testcontainers.DockerClientFactory -- Docker host IP address is localhost
13:57:59.107 [main] INFO org.testcontainers.DockerClientFactory -- Connected to docker: 
  Server Version: 25.0.3
  API Version: 1.44
  Operating System: Docker Desktop
  Total Memory: 17964 MB
13:57:59.138 [main] INFO tc.testcontainers/ryuk:0.5.1 -- Creating container for image: testcontainers/ryuk:0.5.1
13:57:59.153 [Thread-1] ERROR org.testcontainers.shaded.org.zeroturnaround.exec.stream.StreamPumper -- Got exception while closing exhausted output stream
java.io.IOException: Stream closed
	at java.base/java.lang.ProcessBuilder$NullOutputStream.write(ProcessBuilder.java:445)
	at java.base/java.io.OutputStream.write(OutputStream.java:162)
	at java.base/java.io.BufferedOutputStream.flushBuffer(BufferedOutputStream.java:81)
	at java.base/java.io.BufferedOutputStream.flush(BufferedOutputStream.java:142)
	at java.base/java.io.FilterOutputStream.close(FilterOutputStream.java:182)
	at org.testcontainers.shaded.org.zeroturnaround.exec.stream.StreamPumper.run(StreamPumper.java:180)
	at java.base/java.lang.Thread.run(Thread.java:833)
13:57:59.154 [main] INFO org.testcontainers.utility.RegistryAuthLocator -- Failure when attempting to lookup auth config. Please ignore if you don't have images in an authenticated registry. Details: (dockerImageName: testcontainers/ryuk:0.5.1, configFile: /Users/nithish/.docker/config.json, configEnv: DOCKER_AUTH_CONFIG). Falling back to docker-java default behaviour. Exception message: Unexpected exit value: 137, allowed exit values: [0], executed command [docker-credential-desktop, get], output was 0 bytes:

13:57:59.211 [main] INFO tc.testcontainers/ryuk:0.5.1 -- Container testcontainers/ryuk:0.5.1 is starting: 9513ef6b6ab1f8a8e65aeecf32dee2bbd4047adf8eefe5c18f5ed3f57e166ed8
13:57:59.405 [main] INFO tc.testcontainers/ryuk:0.5.1 -- Container testcontainers/ryuk:0.5.1 started in PT0.267049S
13:57:59.410 [main] INFO org.testcontainers.utility.RyukResourceReaper -- Ryuk started - will monitor and terminate Testcontainers containers on JVM exit
13:57:59.410 [main] INFO org.testcontainers.DockerClientFactory -- Checking the system...
13:57:59.410 [main] INFO org.testcontainers.DockerClientFactory -- ✔︎ Docker server version should be at least 1.6.0
13:57:59.415 [main] INFO tc.mysql:8.0-oracle -- Pulling docker image: mysql:8.0-oracle. Please be patient; this may take some time but only needs to be done once.
13:58:02.138 [docker-java-stream-1400182847] INFO tc.mysql:8.0-oracle -- Starting to pull image
13:58:02.156 [docker-java-stream-1400182847] INFO tc.mysql:8.0-oracle -- Pulling image layers:  0 pending,  0 downloaded,  0 extracted, (0 bytes/0 bytes)
13:58:06.820 [docker-java-stream-1400182847] INFO tc.mysql:8.0-oracle -- Pulling image layers: 10 pending,  1 downloaded,  0 extracted, (7 MB/? MB)
13:58:07.776 [docker-java-stream-1400182847] INFO tc.mysql:8.0-oracle -- Pulling image layers:  9 pending,  2 downloaded,  0 extracted, (22 MB/? MB)
13:58:09.376 [docker-java-stream-1400182847] INFO tc.mysql:8.0-oracle -- Pulling image layers:  8 pending,  3 downloaded,  0 extracted, (45 MB/? MB)
13:58:09.699 [docker-java-stream-1400182847] INFO tc.mysql:8.0-oracle -- Pulling image layers:  7 pending,  4 downloaded,  0 extracted, (45 MB/? MB)
13:58:10.339 [docker-java-stream-1400182847] INFO tc.mysql:8.0-oracle -- Pulling image layers:  7 pending,  4 downloaded,  1 extracted, (49 MB/? MB)
13:58:10.351 [docker-java-stream-1400182847] INFO tc.mysql:8.0-oracle -- Pulling image layers:  7 pending,  4 downloaded,  2 extracted, (49 MB/? MB)
13:58:10.367 [docker-java-stream-1400182847] INFO tc.mysql:8.0-oracle -- Pulling image layers:  7 pending,  4 downloaded,  3 extracted, (49 MB/? MB)
13:58:10.470 [docker-java-stream-1400182847] INFO tc.mysql:8.0-oracle -- Pulling image layers:  6 pending,  5 downloaded,  3 extracted, (51 MB/? MB)
13:58:10.584 [docker-java-stream-1400182847] INFO tc.mysql:8.0-oracle -- Pulling image layers:  6 pending,  5 downloaded,  4 extracted, (52 MB/? MB)
13:58:10.595 [docker-java-stream-1400182847] INFO tc.mysql:8.0-oracle -- Pulling image layers:  6 pending,  5 downloaded,  5 extracted, (52 MB/? MB)
13:58:11.322 [docker-java-stream-1400182847] INFO tc.mysql:8.0-oracle -- Pulling image layers:  6 pending,  5 downloaded,  6 extracted, (52 MB/? MB)
13:58:12.405 [docker-java-stream-1400182847] INFO tc.mysql:8.0-oracle -- Pulling image layers:  5 pending,  6 downloaded,  6 extracted, (52 MB/? MB)
13:58:14.348 [docker-java-stream-1400182847] INFO tc.mysql:8.0-oracle -- Pulling image layers:  4 pending,  7 downloaded,  6 extracted, (73 MB/? MB)
13:58:16.003 [docker-java-stream-1400182847] INFO tc.mysql:8.0-oracle -- Pulling image layers:  3 pending,  8 downloaded,  6 extracted, (114 MB/? MB)
13:58:16.285 [docker-java-stream-1400182847] INFO tc.mysql:8.0-oracle -- Pulling image layers:  2 pending,  9 downloaded,  6 extracted, (121 MB/? MB)
13:58:16.803 [docker-java-stream-1400182847] INFO tc.mysql:8.0-oracle -- Pulling image layers:  2 pending,  9 downloaded,  7 extracted, (130 MB/? MB)
13:58:16.816 [docker-java-stream-1400182847] INFO tc.mysql:8.0-oracle -- Pulling image layers:  2 pending,  9 downloaded,  8 extracted, (130 MB/? MB)
13:58:19.253 [docker-java-stream-1400182847] INFO tc.mysql:8.0-oracle -- Pulling image layers:  1 pending, 10 downloaded,  8 extracted, (166 MB/? MB)
13:58:19.654 [docker-java-stream-1400182847] INFO tc.mysql:8.0-oracle -- Pull complete. 11 layers, pulled in 17s (downloaded 167 MB at 9 MB/s)
13:58:22.779 [docker-java-stream-304374606] INFO tc.mysql:8.0-oracle -- Starting to pull image
13:58:22.781 [docker-java-stream-304374606] INFO tc.mysql:8.0-oracle -- Pulling image layers:  0 pending,  0 downloaded,  0 extracted, (0 bytes/0 bytes)
13:58:25.733 [docker-java-stream-304374606] INFO tc.mysql:8.0-oracle -- Pulling image layers: 10 pending,  1 downloaded,  0 extracted, (721 bytes/? MB)
13:58:26.645 [docker-java-stream-304374606] INFO tc.mysql:8.0-oracle -- Pulling image layers:  9 pending,  2 downloaded,  0 extracted, (1 MB/? MB)
13:58:28.587 [docker-java-stream-304374606] INFO tc.mysql:8.0-oracle -- Pulling image layers:  8 pending,  3 downloaded,  0 extracted, (23 MB/? MB)
13:58:29.419 [docker-java-stream-304374606] INFO tc.mysql:8.0-oracle -- Pulling image layers:  7 pending,  4 downloaded,  0 extracted, (39 MB/? MB)
13:58:30.160 [docker-java-stream-304374606] INFO tc.mysql:8.0-oracle -- Pulling image layers:  6 pending,  5 downloaded,  0 extracted, (52 MB/? MB)
13:58:30.528 [docker-java-stream-304374606] INFO tc.mysql:8.0-oracle -- Pulling image layers:  5 pending,  6 downloaded,  0 extracted, (52 MB/? MB)
13:58:31.150 [docker-java-stream-304374606] INFO tc.mysql:8.0-oracle -- Pulling image layers:  5 pending,  6 downloaded,  1 extracted, (53 MB/? MB)
13:58:31.160 [docker-java-stream-304374606] INFO tc.mysql:8.0-oracle -- Pulling image layers:  5 pending,  6 downloaded,  2 extracted, (53 MB/? MB)
13:58:31.178 [docker-java-stream-304374606] INFO tc.mysql:8.0-oracle -- Pulling image layers:  5 pending,  6 downloaded,  3 extracted, (53 MB/? MB)
13:58:31.300 [docker-java-stream-304374606] INFO tc.mysql:8.0-oracle -- Pulling image layers:  5 pending,  6 downloaded,  4 extracted, (54 MB/? MB)
13:58:31.309 [docker-java-stream-304374606] INFO tc.mysql:8.0-oracle -- Pulling image layers:  5 pending,  6 downloaded,  5 extracted, (54 MB/? MB)
13:58:31.318 [docker-java-stream-304374606] INFO tc.mysql:8.0-oracle -- Pulling image layers:  5 pending,  6 downloaded,  6 extracted, (54 MB/? MB)
13:58:32.085 [docker-java-stream-304374606] INFO tc.mysql:8.0-oracle -- Pulling image layers:  4 pending,  7 downloaded,  6 extracted, (54 MB/? MB)
13:58:34.041 [docker-java-stream-304374606] INFO tc.mysql:8.0-oracle -- Pulling image layers:  3 pending,  8 downloaded,  6 extracted, (78 MB/? MB)
13:58:35.847 [docker-java-stream-304374606] INFO tc.mysql:8.0-oracle -- Pulling image layers:  2 pending,  9 downloaded,  6 extracted, (131 MB/? MB)
13:58:35.982 [docker-java-stream-304374606] INFO tc.mysql:8.0-oracle -- Pulling image layers:  1 pending, 10 downloaded,  6 extracted, (133 MB/? MB)
13:58:36.594 [docker-java-stream-304374606] INFO tc.mysql:8.0-oracle -- Pulling image layers:  1 pending, 10 downloaded,  7 extracted, (143 MB/? MB)
13:58:36.605 [docker-java-stream-304374606] INFO tc.mysql:8.0-oracle -- Pulling image layers:  1 pending, 10 downloaded,  8 extracted, (143 MB/? MB)
13:58:37.823 [docker-java-stream-304374606] INFO tc.mysql:8.0-oracle -- Pulling image layers:  0 pending, 11 downloaded,  8 extracted, (162 MB/163 MB)
13:58:38.210 [docker-java-stream-304374606] INFO tc.mysql:8.0-oracle -- Pull complete. 11 layers, pulled in 15s (downloaded 163 MB at 10 MB/s)
13:58:38.222 [main] INFO tc.mysql:8.0-oracle -- Pulling docker image: mysql:8.0-oracle. Please be patient; this may take some time but only needs to be done once.
13:58:41.302 [docker-java-stream-1400182847] INFO tc.mysql:8.0-oracle -- Starting to pull image
13:58:41.304 [docker-java-stream-1400182847] INFO tc.mysql:8.0-oracle -- Pulling image layers:  0 pending,  0 downloaded,  0 extracted, (0 bytes/0 bytes)
13:58:44.499 [docker-java-stream-1400182847] INFO tc.mysql:8.0-oracle -- Pulling image layers: 10 pending,  1 downloaded,  0 extracted, (10 KB/? MB)
13:58:45.355 [docker-java-stream-1400182847] INFO tc.mysql:8.0-oracle -- Pulling image layers:  9 pending,  2 downloaded,  0 extracted, (660 KB/? MB)
13:58:47.271 [docker-java-stream-1400182847] INFO tc.mysql:8.0-oracle -- Pulling image layers:  8 pending,  3 downloaded,  0 extracted, (2 MB/? MB)
13:58:48.152 [docker-java-stream-1400182847] INFO tc.mysql:8.0-oracle -- Pulling image layers:  7 pending,  4 downloaded,  0 extracted, (12 MB/? MB)
13:58:49.235 [docker-java-stream-1400182847] INFO tc.mysql:8.0-oracle -- Pulling image layers:  6 pending,  5 downloaded,  0 extracted, (30 MB/? MB)
13:58:50.695 [docker-java-stream-1400182847] INFO tc.mysql:8.0-oracle -- Pulling image layers:  5 pending,  6 downloaded,  0 extracted, (50 MB/? MB)
13:58:51.186 [docker-java-stream-1400182847] INFO tc.mysql:8.0-oracle -- Pulling image layers:  4 pending,  7 downloaded,  0 extracted, (51 MB/? MB)
13:58:51.598 [docker-java-stream-1400182847] INFO tc.mysql:8.0-oracle -- Pulling image layers:  4 pending,  7 downloaded,  1 extracted, (54 MB/? MB)
13:58:51.607 [docker-java-stream-1400182847] INFO tc.mysql:8.0-oracle -- Pulling image layers:  4 pending,  7 downloaded,  2 extracted, (54 MB/? MB)
13:58:51.622 [docker-java-stream-1400182847] INFO tc.mysql:8.0-oracle -- Pulling image layers:  4 pending,  7 downloaded,  3 extracted, (54 MB/? MB)
13:58:51.739 [docker-java-stream-1400182847] INFO tc.mysql:8.0-oracle -- Pulling image layers:  4 pending,  7 downloaded,  4 extracted, (57 MB/? MB)
13:58:51.749 [docker-java-stream-1400182847] INFO tc.mysql:8.0-oracle -- Pulling image layers:  4 pending,  7 downloaded,  5 extracted, (57 MB/? MB)
13:58:51.758 [docker-java-stream-1400182847] INFO tc.mysql:8.0-oracle -- Pulling image layers:  4 pending,  7 downloaded,  6 extracted, (57 MB/? MB)
13:58:53.113 [docker-java-stream-1400182847] INFO tc.mysql:8.0-oracle -- Pulling image layers:  3 pending,  8 downloaded,  6 extracted, (76 MB/? MB)
13:58:54.511 [docker-java-stream-1400182847] INFO tc.mysql:8.0-oracle -- Pulling image layers:  2 pending,  9 downloaded,  6 extracted, (105 MB/? MB)
13:58:55.229 [docker-java-stream-1400182847] INFO tc.mysql:8.0-oracle -- Pulling image layers:  2 pending,  9 downloaded,  7 extracted, (117 MB/? MB)
13:58:55.241 [docker-java-stream-1400182847] INFO tc.mysql:8.0-oracle -- Pulling image layers:  2 pending,  9 downloaded,  8 extracted, (117 MB/? MB)
13:58:55.331 [docker-java-stream-1400182847] INFO tc.mysql:8.0-oracle -- Pulling image layers:  1 pending, 10 downloaded,  8 extracted, (117 MB/? MB)
13:58:58.495 [docker-java-stream-1400182847] INFO tc.mysql:8.0-oracle -- Pulling image layers:  0 pending, 11 downloaded,  8 extracted, (166 MB/167 MB)
13:58:58.859 [docker-java-stream-1400182847] INFO tc.mysql:8.0-oracle -- Pull complete. 11 layers, pulled in 17s (downloaded 167 MB at 9 MB/s)
13:59:01.594 [docker-java-stream-304374606] INFO tc.mysql:8.0-oracle -- Starting to pull image
13:59:01.596 [docker-java-stream-304374606] INFO tc.mysql:8.0-oracle -- Pulling image layers:  0 pending,  0 downloaded,  0 extracted, (0 bytes/0 bytes)
13:59:04.569 [docker-java-stream-304374606] INFO tc.mysql:8.0-oracle -- Pulling image layers: 10 pending,  1 downloaded,  0 extracted, (10 KB/? MB)
13:59:05.491 [docker-java-stream-304374606] INFO tc.mysql:8.0-oracle -- Pulling image layers:  9 pending,  2 downloaded,  0 extracted, (1 MB/? MB)
13:59:08.239 [docker-java-stream-304374606] INFO tc.mysql:8.0-oracle -- Pulling image layers:  8 pending,  3 downloaded,  0 extracted, (42 MB/? MB)
13:59:08.960 [docker-java-stream-304374606] INFO tc.mysql:8.0-oracle -- Pulling image layers:  7 pending,  4 downloaded,  0 extracted, (51 MB/? MB)
13:59:09.711 [docker-java-stream-304374606] INFO tc.mysql:8.0-oracle -- Pulling image layers:  7 pending,  4 downloaded,  1 extracted, (53 MB/? MB)
13:59:09.725 [docker-java-stream-304374606] INFO tc.mysql:8.0-oracle -- Pulling image layers:  7 pending,  4 downloaded,  2 extracted, (53 MB/? MB)
13:59:09.743 [docker-java-stream-304374606] INFO tc.mysql:8.0-oracle -- Pulling image layers:  7 pending,  4 downloaded,  3 extracted, (53 MB/? MB)
13:59:09.845 [docker-java-stream-304374606] INFO tc.mysql:8.0-oracle -- Pulling image layers:  7 pending,  4 downloaded,  4 extracted, (54 MB/? MB)
13:59:10.136 [docker-java-stream-304374606] INFO tc.mysql:8.0-oracle -- Pulling image layers:  6 pending,  5 downloaded,  4 extracted, (54 MB/? MB)
13:59:12.067 [docker-java-stream-304374606] INFO tc.mysql:8.0-oracle -- Pulling image layers:  5 pending,  6 downloaded,  4 extracted, (55 MB/? MB)
13:59:15.343 [docker-java-stream-304374606] INFO tc.mysql:8.0-oracle -- Pulling image layers:  4 pending,  7 downloaded,  4 extracted, (102 MB/? MB)
13:59:17.284 [docker-java-stream-304374606] INFO tc.mysql:8.0-oracle -- Pulling image layers:  3 pending,  8 downloaded,  4 extracted, (129 MB/? MB)
13:59:19.215 [docker-java-stream-304374606] INFO tc.mysql:8.0-oracle -- Pulling image layers:  2 pending,  9 downloaded,  4 extracted, (159 MB/? MB)
13:59:19.373 [docker-java-stream-304374606] INFO tc.mysql:8.0-oracle -- Pulling image layers:  1 pending, 10 downloaded,  4 extracted, (161 MB/? MB)
13:59:38.595 [docker-java-stream-304374606] INFO tc.mysql:8.0-oracle -- Pulling image layers:  0 pending, 11 downloaded,  4 extracted, (161 MB/163 MB)
13:59:38.624 [docker-java-stream-304374606] INFO tc.mysql:8.0-oracle -- Pulling image layers:  0 pending, 11 downloaded,  5 extracted, (161 MB/163 MB)
13:59:38.647 [docker-java-stream-304374606] INFO tc.mysql:8.0-oracle -- Pulling image layers:  0 pending, 11 downloaded,  6 extracted, (161 MB/163 MB)
13:59:39.226 [docker-java-stream-304374606] INFO tc.mysql:8.0-oracle -- Pulling image layers:  0 pending, 11 downloaded,  7 extracted, (162 MB/163 MB)
13:59:39.239 [docker-java-stream-304374606] INFO tc.mysql:8.0-oracle -- Pulling image layers:  0 pending, 11 downloaded,  8 extracted, (162 MB/163 MB)
13:59:39.591 [docker-java-stream-304374606] INFO tc.mysql:8.0-oracle -- Pull complete. 11 layers, pulled in 37s (downloaded 163 MB at 4 MB/s)
]]></system-out>
  </testcase>
</testsuite>